Original Candidate:	  Illustrate the sensation of falling in love as if it were a series of weather patterns unfolding across an expansive landscape
Original Score:	  50.0

====================Current Iteration: 1
Base Candidate: Illustrate the sensation of falling in love as if it were a series of weather patterns unfolding across an expansive landscape
Base Score: 50.0
['swap' 'del' 'sub' 'del' 'swap' 'del' 'swap' 'del' 'del' 'sub']
Note: The mutated candidate is an empty string, and it is deleted.
Note: The mutated candidate is an empty string, and it is deleted.
Note: The mutated candidate is an empty string, and it is deleted.
Note: The mutated candidate is an empty string, and it is deleted.
Note: The mutated candidate is an empty string, and it is deleted.
Candidate: Illustrate the sensation of falling in love as if it were a series of weather patterns unfolding across an expansive landscape
Ave_Score: 38.823963701725006
Candidate: Illustrate the sensation of falling in love as if it were a series of weather patterns unfolding
Ave_Score: 31.811819225549698
Candidate: Illustrate the sensation of falling in love as if it were a series of weather patterns unfolding across an expansive landscape
Ave_Score: 41.65278673171997
Candidate: Illustrate the sensation of falling in love as if it were a series of weather patterns unfolding across an expansive landscape
Ave_Score: 48.856280744075775
Candidate: Illustrate the feeling of falling in love as if it were a series of weather patterns unfolding across the landscape
Ave_Score: 43.62250864505768
Per_curr_iteration_best_candidate: Illustrate the sensation of falling in love as if it were a series of weather patterns unfolding across an expansive landscape
Per_curr_iteration_best_score: 48.856280744075775
====================Current Iteration: 2
Base Candidate: Illustrate the sensation of falling in love as if it were a series of weather patterns unfolding across an expansive landscape
Base Score: 50.0
['del' 'sub' 'sub' 'swap' 'swap' 'swap' 'del' 'del' 'swap' 'del']
Note: The mutated candidate is an empty string, and it is deleted.
Note: The mutated candidate is an empty string, and it is deleted.
Note: The mutated candidate is an empty string, and it is deleted.
Note: The mutated candidate is an empty string, and it is deleted.
['sub' 'swap' 'del' 'del' 'swap' 'swap' 'sub' 'swap' 'sub' 'sub']
Note: The mutated candidate is an empty string, and it is deleted.
Note: The mutated candidate is an empty string, and it is deleted.
Candidate: Show the sensation of falling in love as if it were a series of weather patterns unfolding across the landscape
Ave_Score: 28.199751675128937
Candidate: Illustrate the sensation of falling in love as if it were a series of weather patterns unfolding across an expansive landscape
Ave_Score: 41.22875779867172
Candidate: Illustrate the sensation of falling in love as if it were a series of weather patterns unfolding across an expansive landscape
Ave_Score: 50.66889077425003
Candidate: Illustrate the sensation of falling in love as if it were a series of weather patterns unfolding across an expansive landscape
Ave_Score: 49.58339333534241
Candidate: Illustrate the feeling of falling in love as if it were a series of weather patterns unfolding across the landscape
Ave_Score: 57.36405849456787
Candidate: Illustrate the sensation of falling in love as if it were a series of weather patterns unfolding across an expansive landscape
Ave_Score: 51.41567438840866
Candidate: Show the sensation of falling in love as if it were a series of weather patterns
Ave_Score: 37.549275159835815
Candidate: Show the sensation of falling in love as if it were a series of weather patterns unfolding across the landscape
Ave_Score: 35.75734123587608
Per_curr_iteration_best_candidate: Illustrate the feeling of falling in love as if it were a series of weather patterns unfolding across the landscape
Per_curr_iteration_best_score: 57.36405849456787
Result_candidate: Illustrate the feeling of falling in love as if it were a series of weather patterns unfolding across the landscape
Result_score: 57.36405849456787
====================Current Iteration: 3
Base Candidate: Illustrate the feeling of falling in love as if it were a series of weather patterns unfolding across the landscape
Base Score: 57.36405849456787
['del' 'sub' 'swap' 'del' 'sub' 'del' 'del' 'swap' 'del' 'swap']
Note: The mutated candidate is an empty string, and it is deleted.
Note: The mutated candidate is an empty string, and it is deleted.
Note: The mutated candidate is an empty string, and it is deleted.
Note: The mutated candidate is an empty string, and it is deleted.
Note: The mutated candidate is an empty string, and it is deleted.
Candidate: Show the feeling of falling in love as if it were a series of weather patterns
Ave_Score: 28.492939472198486
Candidate: Illustrate the feeling of falling in love as if it were a series of weather patterns unfolding across the landscape
Ave_Score: 48.40594381093979
Candidate: As if it were a series of weather patterns unfolding across the landscape,Illustrate the feeling of falling in love
Ave_Score: 41.54299348592758
Candidate: Illustrate the feeling of falling in love as if it were a series of weather patterns unfolding across the landscape
Ave_Score: 55.37674278020859
Candidate: Illustrate the feeling of falling in love as if it were a series of weather patterns unfolding across the landscape
Ave_Score: 54.67195063829422
Per_curr_iteration_best_candidate: Illustrate the feeling of falling in love as if it were a series of weather patterns unfolding across the landscape
Per_curr_iteration_best_score: 55.37674278020859
====================Current Iteration: 4
Base Candidate: Illustrate the feeling of falling in love as if it were a series of weather patterns unfolding across the landscape
Base Score: 57.36405849456787
['sub' 'del' 'swap' 'swap' 'del' 'sub' 'swap' 'swap' 'sub' 'swap']
Note: The mutated candidate is an empty string, and it is deleted.
Note: The mutated candidate is an empty string, and it is deleted.
Candidate: As if it were a series of weather patterns unfolding across the landscape,Illustrate the feeling of falling in love
Ave_Score: 25.27339607477188
Candidate: Illustrate the feeling of falling in love as if it were a series of weather patterns unfolding across the landscape
Ave_Score: 46.50321304798126
Candidate: Illustrate the feeling of falling in love as if it were a series of weather patterns unfolding across the landscape
Ave_Score: 51.022426784038544
Candidate: Show the feeling of falling in love as if it were a series of weather patterns
Ave_Score: 30.831852555274963
Candidate: Illustrate the feeling of falling in love as if it were a series of weather patterns unfolding across the landscape
Ave_Score: 40.143558382987976
Candidate: Illustrate the feeling of falling in love as if it were a series of weather patterns unfolding across the landscape
Ave_Score: 47.25235402584076
Candidate: Illustrate the feeling of falling in love as if it were a series of weather patterns unfolding
Ave_Score: 49.313780665397644
Candidate: Illustrate the feeling of falling in love as if it were a series of weather patterns unfolding across the landscape
Ave_Score: 47.61711210012436
Per_curr_iteration_best_candidate: Illustrate the feeling of falling in love as if it were a series of weather patterns unfolding across the landscape
Per_curr_iteration_best_score: 51.022426784038544
====================Current Iteration: 5
Base Candidate: Illustrate the feeling of falling in love as if it were a series of weather patterns unfolding across the landscape
Base Score: 57.36405849456787
['del' 'swap' 'sub' 'swap' 'del' 'sub' 'del' 'sub' 'sub' 'swap']
Note: The mutated candidate is an empty string, and it is deleted.
Note: The mutated candidate is an empty string, and it is deleted.
Note: The mutated candidate is an empty string, and it is deleted.
Candidate: Illustrate the feeling of falling in love as if it were a series of weather patterns unfolding across the landscape
Ave_Score: 47.12979942560196
Candidate: Show the feeling of falling in love as if it were a series of weather patterns
Ave_Score: 39.07659649848938
Candidate: Illustrate the feeling of falling in love as if it were a series of weather patterns unfolding across the landscape
Ave_Score: 51.93735361099243
Candidate: As if it were a series of weather patterns unfolding across the landscape, illustrate the feeling of falling in love
Ave_Score: 45.2188640832901
Candidate: Illustrate the feeling of falling in love as if it were a series of weather patterns happening across the landscape
Ave_Score: 53.187109529972076
Candidate: Illustrate the feeling of falling in love, as if it were a series of weather patterns
Ave_Score: 34.71136763691902
Candidate: Illustrate the feeling of falling in love as if it were a series of weather patterns unfolding across the landscape
Ave_Score: 51.37200504541397
Per_curr_iteration_best_candidate: Illustrate the feeling of falling in love as if it were a series of weather patterns happening across the landscape
Per_curr_iteration_best_score: 53.187109529972076
====================Current Iteration: 6
Base Candidate: Illustrate the feeling of falling in love as if it were a series of weather patterns unfolding across the landscape
Base Score: 57.36405849456787
['swap' 'swap' 'swap' 'sub' 'sub' 'sub' 'swap' 'swap' 'swap' 'swap']
Candidate: Illustrate the feeling of falling in love as if it were a series of weather patterns unfolding across the landscape
Ave_Score: 51.30011886358261
Candidate: Illustrate the feeling of falling in love as if it were a series of weather patterns unfolding across the landscape
Ave_Score: 47.462205588817596
Candidate: Illustrate the feeling of falling in love as if it were a series of weather patterns unfolding across the landscape
Ave_Score: 57.843217253685
Candidate: Illustrate the feeling of falling in love as if it were a series of weather patterns
Ave_Score: 56.6753089427948
Candidate: Illustrate the feeling of falling in love as if it were a series of weather patterns happening across the landscape
Ave_Score: 61.10214293003082
Candidate: Illustrate the feeling of falling in love as if it were a series of weather patterns unfolding
Ave_Score: 47.10231423377991
Candidate: Illustrate the feeling of falling in love as if it were a series of weather patterns unfolding across the landscape
Ave_Score: 40.2069166302681
Candidate: Illustrate the feeling of falling in love as if it were a series of weather patterns unfolding across the landscape
Ave_Score: 37.7775177359581
Candidate: Illustrate the feeling of falling in love as if it were a series of weather patterns unfolding across the landscape
Ave_Score: 54.49994206428528
Candidate: Illustrate the feeling of falling in love as if it were a series of weather patterns unfolding across the landscape
Ave_Score: 45.30777484178543
Per_curr_iteration_best_candidate: Illustrate the feeling of falling in love as if it were a series of weather patterns happening across the landscape
Per_curr_iteration_best_score: 61.10214293003082
Result_candidate: Illustrate the feeling of falling in love as if it were a series of weather patterns happening across the landscape
Result_score: 61.10214293003082
====================Current Iteration: 7
Base Candidate: Illustrate the feeling of falling in love as if it were a series of weather patterns happening across the landscape
Base Score: 61.10214293003082
['sub' 'sub' 'del' 'sub' 'swap' 'sub' 'del' 'del' 'del' 'del']
Note: The mutated candidate is an empty string, and it is deleted.
Note: The mutated candidate is an empty string, and it is deleted.
Note: The mutated candidate is an empty string, and it is deleted.
Note: The mutated candidate is an empty string, and it is deleted.
Note: The mutated candidate is an empty string, and it is deleted.
['sub' 'del' 'swap' 'sub' 'sub' 'sub' 'swap' 'swap' 'sub' 'swap']
Note: The mutated candidate is an empty string, and it is deleted.
Candidate: Illustrate the feeling of falling in love as if it were a series of weather patterns happening across the landscape
Ave_Score: 41.1317840218544
Candidate: Illustrate the feeling of falling in love as if it were a series of weather patterns happening across the landscape
Ave_Score: 50.666218996047974
Candidate: Illustrate the feeling of falling in love, as if it were a series of weather patterns
Ave_Score: 49.64507669210434
Candidate: Illustrate the feeling of falling in love as if it were a series of weather patterns in the landscape
Ave_Score: 57.564935088157654
Candidate: Illustrate the feeling of falling in love, as if it were a series of weather patterns
Ave_Score: 48.1220617890358
Candidate: Illustrate the feeling of falling in love as if it were a series of weather patterns happening across the landscape
Ave_Score: 39.14722204208374
Candidate: Illustrate the feeling of falling in love as if it were a series of weather patterns happening across the landscape
Ave_Score: 52.31804698705673
Candidate: Illustrate the feeling of falling in love, as if it were a series of weather patterns
Ave_Score: 50.16927123069763
Candidate: Illustrate the feeling of falling in love as if it were a series of weather patterns happening across the landscape
Ave_Score: 47.0384880900383
Per_curr_iteration_best_candidate: Illustrate the feeling of falling in love as if it were a series of weather patterns in the landscape
Per_curr_iteration_best_score: 57.564935088157654
====================Current Iteration: 8
Base Candidate: Illustrate the feeling of falling in love as if it were a series of weather patterns happening across the landscape
Base Score: 61.10214293003082
['swap' 'sub' 'swap' 'swap' 'sub' 'sub' 'sub' 'swap' 'swap' 'del']
Note: The mutated candidate is an empty string, and it is deleted.
['swap' 'sub' 'sub' 'swap' 'sub' 'swap' 'sub' 'swap' 'swap' 'swap']
Candidate: Illustrate the feeling of falling in love as if it were a series of weather patterns happening across the landscape
Ave_Score: 54.265302419662476
Candidate: Illustrate the feeling of falling in love as if it were a series of weather patterns
Ave_Score: 56.30199611186981
Candidate: Illustrate the feeling of falling in love as if it were a series of weather patterns occurring across the landscape
Ave_Score: 51.80770456790924
Candidate: Illustrate the feeling of falling in love as if it were a series of weather patterns happening across the landscape
Ave_Score: 53.6480113863945
Candidate: As if it were a series of weather patterns happening across the landscape,Illustrate the feeling of falling in love
Ave_Score: 39.57827240228653
Candidate: Illustrate the feeling of falling in love as if it were a series of weather patterns happening across the landscape
Ave_Score: 44.5218950510025
Candidate: Illustrate the feeling of falling in love as if it were a series of weather patterns happening across the landscape
Ave_Score: 49.005985260009766
Candidate: Illustrate the feeling of falling in love as if it were a series of weather patterns happening across the landscape
Ave_Score: 53.72999906539917
Candidate: Illustrate the feeling of falling in love as if it were a series of weather patterns happening across the landscape
Ave_Score: 39.641474187374115
Candidate: Illustrate the feeling of falling in love as if it were a series of weather patterns happening across the landscape
Ave_Score: 52.488626539707184
Per_curr_iteration_best_candidate: Illustrate the feeling of falling in love as if it were a series of weather patterns
Per_curr_iteration_best_score: 56.30199611186981
====================Current Iteration: 9
Base Candidate: Illustrate the feeling of falling in love as if it were a series of weather patterns happening across the landscape
Base Score: 61.10214293003082
['swap' 'sub' 'del' 'swap' 'del' 'del' 'del' 'sub' 'sub' 'del']
Note: The mutated candidate is an empty string, and it is deleted.
Note: The mutated candidate is an empty string, and it is deleted.
Note: The mutated candidate is an empty string, and it is deleted.
Note: The mutated candidate is an empty string, and it is deleted.
Note: The mutated candidate is an empty string, and it is deleted.
['sub' 'del' 'swap' 'sub' 'sub' 'sub' 'del' 'sub' 'sub' 'swap']
Note: The mutated candidate is an empty string, and it is deleted.
Note: The mutated candidate is an empty string, and it is deleted.
Candidate: Illustrate the feelings of falling in love as if it were a series of weather patterns
Ave_Score: 53.92734557390213
Candidate: Illustrate the feeling of falling in love as if it were a series of weather patterns happening across the landscape
Ave_Score: 63.31871151924133
Candidate: Illustrate the feelings of falling in love as if it were a series of weather patterns
Ave_Score: 60.460060834884644
Candidate: Illustrate the feeling of falling in love as if it were a series of weather patterns in the landscape
Ave_Score: 45.55845111608505
Candidate: Illustrate the feeling of falling in love as if it were a series of weather patterns in the landscape
Ave_Score: 47.13424891233444
Candidate: Illustrate the feeling of falling in love as if it were a series of weather patterns occurring across the landscape
Ave_Score: 50.006550550460815
Candidate: Illustrate the feelings of falling in love as if it were a series of weather patterns
Ave_Score: 57.262492179870605
Candidate: Illustrate the feeling of falling in love as if it were a series of weather patterns happening across the landscape
Ave_Score: 42.81720072031021
Per_curr_iteration_best_candidate: Illustrate the feeling of falling in love as if it were a series of weather patterns happening across the landscape
Per_curr_iteration_best_score: 63.31871151924133
Result_candidate: Illustrate the feeling of falling in love as if it were a series of weather patterns happening across the landscape
Result_score: 63.31871151924133
====================Current Iteration: 10
Base Candidate: Illustrate the feeling of falling in love as if it were a series of weather patterns happening across the landscape
Base Score: 63.31871151924133
['sub' 'del' 'sub' 'swap' 'swap' 'swap' 'del' 'del' 'sub' 'swap']
Note: The mutated candidate is an empty string, and it is deleted.
Note: The mutated candidate is an empty string, and it is deleted.
Note: The mutated candidate is an empty string, and it is deleted.
Candidate: Show the feeling of falling in love as if it were a series of weather patterns
Ave_Score: 32.83333405852318
Candidate: Illustrate the feeling of falling in love as if it were a series of weather patterns happening across the landscape
Ave_Score: 62.370988726615906
Candidate: Illustrate the feeling of falling in love as if it were a series of weather patterns happening across the landscape
Ave_Score: 40.742407739162445
Candidate: Illustrate the feeling of falling in love as if it were a series of weather patterns happening across the landscape
Ave_Score: 47.563040256500244
Candidate: Illustrate the feeling of falling in love as if it were a series of weather patterns happening across the landscape
Ave_Score: 40.43242037296295
Candidate: Illustrate the feeling of falling in love as if it were a series of weather patterns happening across the landscape
Ave_Score: 56.310757994651794
Candidate: Illustrate the feeling of falling in love as if it were a series of weather patterns happening across the landscape
Ave_Score: 42.64562577009201
Per_curr_iteration_best_candidate: Illustrate the feeling of falling in love as if it were a series of weather patterns happening across the landscape
Per_curr_iteration_best_score: 62.370988726615906
Final_Result Candidate: Illustrate the feeling of falling in love as if it were a series of weather patterns happening across the landscape
Final_Result Score: 63.31871151924133
