Original Candidate:	  Illustrate the sensation of falling in love as if it were a series of weather patterns unfolding across an expansive landscape
Original Score:	  50.0

====================Current Iteration: 1
Base Candidate: Illustrate the sensation of falling in love as if it were a series of weather patterns unfolding across an expansive landscape
Base Score: 50.0
['sub' 'sub' 'swap' 'del' 'sub' 'del' 'sub' 'del' 'sub' 'sub']
Note: The mutated candidate is an empty string, and it is deleted.
Note: The mutated candidate is an empty string, and it is deleted.
Note: The mutated candidate is an empty string, and it is deleted.
Candidate: Illustrate the sensation of falling in love as if it were a series of weather patterns in the sky
Ave_Score: 40.212033689022064
Candidate: Illustrate the feeling of falling in love as if it were a series of weather patterns unfolding across the landscape
Ave_Score: 41.43062382936478
Candidate: Illustrate the sensation of falling in love as if it were a series of weather patterns unfolding across an expansive landscape
Ave_Score: 48.50668162107468
Candidate: Illustrate the sensation of falling in love, as if it were a series of weather patterns unfolding across the landscape
Ave_Score: 42.39470660686493
Candidate: Show the sensation of falling in love as if it were a series of weather patterns
Ave_Score: 34.59100425243378
Candidate: Illustrate the feeling of falling in love as if it were a series of weather patterns
Ave_Score: 53.164567053318024
Candidate: Illustrate the sensation of falling in love as if it were a series of weather patterns unfolding across the landscape
Ave_Score: 54.02208864688873
Per_curr_iteration_best_candidate: Illustrate the sensation of falling in love as if it were a series of weather patterns unfolding across the landscape
Per_curr_iteration_best_score: 54.02208864688873
Result_candidate: Illustrate the sensation of falling in love as if it were a series of weather patterns unfolding across the landscape
Result_score: 54.02208864688873
====================Current Iteration: 2
Base Candidate: Illustrate the sensation of falling in love as if it were a series of weather patterns unfolding across the landscape
Base Score: 54.02208864688873
['sub' 'del' 'sub' 'del' 'swap' 'del' 'swap' 'sub' 'del' 'sub']
Note: The mutated candidate is an empty string, and it is deleted.
Note: The mutated candidate is an empty string, and it is deleted.
Note: The mutated candidate is an empty string, and it is deleted.
Note: The mutated candidate is an empty string, and it is deleted.
Candidate: Illustrate the sensation of falling in love as if it were a series of weather patterns in the landscape
Ave_Score: 46.60696238279343
Candidate: Illustrate the sensation of falling in love, as if it were a series of weather patterns
Ave_Score: 49.68339651823044
Candidate: Illustrate the sensation of falling in love as if it were a series of weather patterns unfolding across the landscape
Ave_Score: 45.88383287191391
Candidate: Illustrate the sensation of falling in love as if it were a series of weather patterns unfolding across the landscape
Ave_Score: 48.64700585603714
Candidate: Illustrate the sensation of falling in love as if it were a series of weather patterns in the landscape
Ave_Score: 46.655258536338806
Candidate: Illustrate the sensation of falling in love, as if it were a series of weather patterns
Ave_Score: 38.97644877433777
Per_curr_iteration_best_candidate: Illustrate the sensation of falling in love, as if it were a series of weather patterns
Per_curr_iteration_best_score: 49.68339651823044
====================Current Iteration: 3
Base Candidate: Illustrate the sensation of falling in love as if it were a series of weather patterns unfolding across the landscape
Base Score: 54.02208864688873
['del' 'swap' 'del' 'swap' 'sub' 'del' 'del' 'del' 'swap' 'swap']
Note: The mutated candidate is an empty string, and it is deleted.
Note: The mutated candidate is an empty string, and it is deleted.
Note: The mutated candidate is an empty string, and it is deleted.
Note: The mutated candidate is an empty string, and it is deleted.
Note: The mutated candidate is an empty string, and it is deleted.
Candidate: Illustrate the sensation of falling in love as if it were a series of weather patterns unfolding across the landscape
Ave_Score: 45.24032324552536
Candidate: Illustrate the sensation of falling in love as if it were a series of weather patterns unfolding across the landscape
Ave_Score: 48.13709855079651
Candidate: Show the sensation of falling in love as if it were a series of weather patterns unfolding across the landscape
Ave_Score: 35.966213047504425
Candidate: Illustrate the sensation of falling in love as if it were a series of weather patterns unfolding across the landscape
Ave_Score: 40.162987262010574
Candidate: Illustrate the sensation of falling in love as if it were a series of weather patterns unfolding across the landscape
Ave_Score: 40.449005365371704
Per_curr_iteration_best_candidate: Illustrate the sensation of falling in love as if it were a series of weather patterns unfolding across the landscape
Per_curr_iteration_best_score: 48.13709855079651
====================Current Iteration: 4
Base Candidate: Illustrate the sensation of falling in love as if it were a series of weather patterns unfolding across the landscape
Base Score: 54.02208864688873
['sub' 'sub' 'sub' 'sub' 'sub' 'sub' 'swap' 'swap' 'sub' 'swap']
Candidate: Show the sensation of falling in love as if it were a series of weather patterns
Ave_Score: 39.125941693782806
Candidate: Illustrate the feeling of falling in love as if it were a series of weather patterns
Ave_Score: 54.65891808271408
Candidate: As if it were a series of weather patterns unfolding across the landscape, illustrate the sensation of falling in love
Ave_Score: 40.602895617485046
Candidate: Illustrate the sensation of falling in love as if it were a series of weather patterns
Ave_Score: 42.991845309734344
Candidate: Illustrate the sensation of falling in love, as if it were a series of weather patterns
Ave_Score: 43.58491450548172
Candidate: Illustrate the sensation of falling in love as if it were a series of weather patterns in the landscape
Ave_Score: 44.49049234390259
Candidate: Illustrate the sensation of falling in love as if it were a series of weather patterns unfolding across the landscape
Ave_Score: 46.638163924217224
Candidate: Illustrate the sensation of falling in love as if it were a series of weather patterns unfolding across the landscape
Ave_Score: 50.63314735889435
Candidate: Illustrate the sensation of falling in love as if it were a series of weather patterns in the landscape
Ave_Score: 49.188484251499176
Candidate: Illustrate the sensation of falling in love as if it were a series of weather patterns unfolding across the landscape
Ave_Score: 44.126807153224945
Per_curr_iteration_best_candidate: Illustrate the feeling of falling in love as if it were a series of weather patterns
Per_curr_iteration_best_score: 54.65891808271408
Result_candidate: Illustrate the feeling of falling in love as if it were a series of weather patterns
Result_score: 54.65891808271408
====================Current Iteration: 5
Base Candidate: Illustrate the feeling of falling in love as if it were a series of weather patterns
Base Score: 54.65891808271408
['del' 'swap' 'del' 'sub' 'sub' 'sub' 'sub' 'swap' 'del' 'swap']
Note: The mutated candidate is an empty string, and it is deleted.
Note: The mutated candidate is an empty string, and it is deleted.
Note: The mutated candidate is an empty string, and it is deleted.
Candidate: Illustrate the feeling of falling in love as if it were a series of weather patterns
Ave_Score: 42.73068308830261
Candidate: Illustrate the feeling of falling in love as if it were a bunch of weather patterns
Ave_Score: 46.59932851791382
Candidate: Illustrate the feeling of falling in love as if it were a series of weather patterns
Ave_Score: 51.60219818353653
Candidate: Illustrate the feeling of falling in love, as if it were a series of weather patterns
Ave_Score: 48.12205284833908
Candidate: Illustrate the feelings of falling in love as if it were a series of weather patterns
Ave_Score: 47.54924923181534
Candidate: Illustrate the feeling of falling in love as if it were a series of weather patterns
Ave_Score: 59.21311378479004
Candidate: Illustrate the feeling of falling in love as if it were a series of weather patterns
Ave_Score: 61.38482093811035
Per_curr_iteration_best_candidate: Illustrate the feeling of falling in love as if it were a series of weather patterns
Per_curr_iteration_best_score: 61.38482093811035
Result_candidate: Illustrate the feeling of falling in love as if it were a series of weather patterns
Result_score: 61.38482093811035
====================Current Iteration: 6
Base Candidate: Illustrate the feeling of falling in love as if it were a series of weather patterns
Base Score: 61.38482093811035
['del' 'sub' 'sub' 'swap' 'del' 'swap' 'sub' 'del' 'swap' 'swap']
Note: The mutated candidate is an empty string, and it is deleted.
Note: The mutated candidate is an empty string, and it is deleted.
Note: The mutated candidate is an empty string, and it is deleted.
Candidate: Illustrate the feeling of falling in love as if it were a series of weather patterns
Ave_Score: 57.16065913438797
Candidate: Illustrate the idea of falling in love as if it were a series of weather patterns
Ave_Score: 44.79011595249176
Candidate: Illustrate the feeling of falling in love as if it were a series of weather patterns
Ave_Score: 50.50067603588104
Candidate: Illustrate the feeling of falling in love as if it were a series of weather patterns
Ave_Score: 48.76234382390976
Candidate: As if it were a series of weather patterns, illustrate the feeling of falling in love
Ave_Score: 26.19907036423683
Candidate: Illustrate the feeling of falling in love as if it were a series of weather patterns
Ave_Score: 40.08667916059494
Candidate: Illustrate the feeling of falling in love as if it were a series of weather patterns
Ave_Score: 49.590134620666504
Per_curr_iteration_best_candidate: Illustrate the feeling of falling in love as if it were a series of weather patterns
Per_curr_iteration_best_score: 57.16065913438797
====================Current Iteration: 7
Base Candidate: Illustrate the feeling of falling in love as if it were a series of weather patterns
Base Score: 61.38482093811035
['swap' 'swap' 'sub' 'sub' 'del' 'swap' 'del' 'del' 'swap' 'swap']
Note: The mutated candidate is an empty string, and it is deleted.
Note: The mutated candidate is an empty string, and it is deleted.
Note: The mutated candidate is an empty string, and it is deleted.
Candidate: Illustrate the feeling of falling in love as if it were a series of weather patterns
Ave_Score: 60.385337471961975
Candidate: Illustrate the feeling of falling in love as if it were a series of weather patterns
Ave_Score: 54.783520102500916
Candidate: Illustrate the feeling of falling in love as if it were a series of weather patterns
Ave_Score: 60.992199182510376
Candidate: Illustrate the feelings of falling in love as if it were a series of weather patterns
Ave_Score: 54.04458045959473
Candidate: Illustrate the feeling of falling in love as if it were a series of weather patterns
Ave_Score: 56.411270797252655
Candidate: Illustrate the feeling of falling in love as if it were a series of weather patterns
Ave_Score: 52.70398706197739
Candidate: Illustrate the feeling of falling in love as if it were a series of weather patterns
Ave_Score: 48.12980592250824
Per_curr_iteration_best_candidate: Illustrate the feeling of falling in love as if it were a series of weather patterns
Per_curr_iteration_best_score: 60.992199182510376
====================Current Iteration: 8
Base Candidate: Illustrate the feeling of falling in love as if it were a series of weather patterns
Base Score: 61.38482093811035
['del' 'swap' 'del' 'del' 'del' 'sub' 'sub' 'swap' 'swap' 'sub']
Note: The mutated candidate is an empty string, and it is deleted.
Note: The mutated candidate is an empty string, and it is deleted.
Note: The mutated candidate is an empty string, and it is deleted.
Note: The mutated candidate is an empty string, and it is deleted.
Candidate: Illustrate the feeling of falling in love as if it were a series of weather patterns
Ave_Score: 50.6824865937233
Candidate: As if it were a series of weather patterns, illustrate the feeling of falling in love
Ave_Score: 45.59813290834427
Candidate: Illustrate the feelings of falling in love as if it were a series of weather patterns
Ave_Score: 47.08890616893768
Candidate: Illustrate the feeling of falling in love as if it were a series of weather patterns
Ave_Score: 54.58653271198273
Candidate: Illustrate the feeling of falling in love as if it were a series of weather patterns
Ave_Score: 59.04901325702667
Candidate: Illustrate the feeling of falling in love as if it was a series of weather patterns
Ave_Score: 44.10513937473297
Per_curr_iteration_best_candidate: Illustrate the feeling of falling in love as if it were a series of weather patterns
Per_curr_iteration_best_score: 59.04901325702667
====================Current Iteration: 9
Base Candidate: Illustrate the feeling of falling in love as if it were a series of weather patterns
Base Score: 61.38482093811035
['sub' 'del' 'sub' 'swap' 'sub' 'swap' 'del' 'del' 'del' 'sub']
Note: The mutated candidate is an empty string, and it is deleted.
Note: The mutated candidate is an empty string, and it is deleted.
Note: The mutated candidate is an empty string, and it is deleted.
Note: The mutated candidate is an empty string, and it is deleted.
Candidate: Illustrate the feeling of falling in love as if it were a series of weather patterns
Ave_Score: 53.71459126472473
Candidate: Illustrate the feeling of falling in love as if it was a series of weather patterns
Ave_Score: 56.358806788921356
Candidate: Illustrate the feeling of falling in love as if it were a series of weather patterns
Ave_Score: 45.86510211229324
Candidate: Illustrate the feeling of falling in love as if it were a series of weather patterns
Ave_Score: 44.26009654998779
Candidate: Illustrate the feeling of falling in love as if it were a series of weather patterns
Ave_Score: 45.21137326955795
Candidate: Illustrate the feeling of falling in love as if it were a series of weather patterns
Ave_Score: 52.98468768596649
Per_curr_iteration_best_candidate: Illustrate the feeling of falling in love as if it was a series of weather patterns
Per_curr_iteration_best_score: 56.358806788921356
====================Current Iteration: 10
Base Candidate: Illustrate the feeling of falling in love as if it were a series of weather patterns
Base Score: 61.38482093811035
['sub' 'swap' 'del' 'sub' 'swap' 'del' 'del' 'del' 'del' 'sub']
Note: The mutated candidate is an empty string, and it is deleted.
Note: The mutated candidate is an empty string, and it is deleted.
Note: The mutated candidate is an empty string, and it is deleted.
Note: The mutated candidate is an empty string, and it is deleted.
Note: The mutated candidate is an empty string, and it is deleted.
Candidate: Illustrate the feeling of falling in love as if it were a series of weather patterns
Ave_Score: 56.48738443851471
Candidate: Illustrate the feeling of falling in love as if it were a series of weather patterns
Ave_Score: 51.0065883398056
Candidate: Illustrate the feeling of falling in love as if it were a series of weather patterns
Ave_Score: 52.204304933547974
Candidate: Illustrate the feeling of falling in love as if it were a series of weather patterns
Ave_Score: 41.301803290843964
Candidate: Show the feeling of falling in love as if it were a series of weather patterns
Ave_Score: 36.86644807457924
Per_curr_iteration_best_candidate: Illustrate the feeling of falling in love as if it were a series of weather patterns
Per_curr_iteration_best_score: 56.48738443851471
Final_Result Candidate: Illustrate the feeling of falling in love as if it were a series of weather patterns
Final_Result Score: 61.38482093811035
