Original Candidate:	  Illustrate the sensation of falling in love as if it were a series of weather patterns unfolding across an expansive landscape
Original Score:	  50.0

====================Current Iteration:  1
Base Candidate:  Illustrate the sensation of falling in love as if it were a series of weather patterns unfolding across an expansive landscape
Base Score:  50.0
['del']
['sub']
Candidate:  Illustrate sensation of falling in love as if it a series of weather patterns The situation is unfolding across an expansive
Candidate Score:  51.1222168803215
['sub']
['sub']
Candidate:  Illustrate It's the case sensation of falling in love as if it a series of weather patterns unfolding That's rightcross That's rightn expansive
Candidate Score:  34.47727859020233
['sub']
Candidate:  Illustrate the sensation of falling in love As a result if it a series of weather patterns unfolding across an expansive
Candidate Score:  34.41738039255142
['swap']
['swap']
Candidate:  Illustrate the in of falling sensation love as if it a series of across patterns unfolding weather an expansive
Candidate Score:  44.87137049436569
['swap']
Candidate:  love the sensation of falling in Illustrate as if it a series of weather patterns unfolding across an expansive
Candidate Score:  47.313304245471954
['sub']
Candidate:  Illustrate the sensation of falling down in love as if it a series of weather patterns unfolding across an It was large
Candidate Score:  50.963570177555084
['del']
Candidate:  Illustrate the sensation of falling love as if it a series of weather patterns unfolding across an expansive
Candidate Score:  27.238401025533676
['sub']
['sub']
Candidate:  Illustrate the sensation It was of falling in love as if it a series of weather patterns unfolding across There is an expansive
Candidate Score:  46.203915774822235
['swap']
['sub']
Candidate:  Illustrate in sensation of falling the love as if it a series of weather patterns unfolding across an expansive
Candidate Score:  41.4040744304657
['swap']
Candidate:  Illustrate the sensation in falling of love as if it a series of weather patterns unfolding across an expansive
Candidate Score:  48.192423582077026
Top N Candidates of Current Iteration:  ['Illustrate sensation of falling in love as if it a series of weather patterns The situation is unfolding across an expansive', 'Illustrate the sensation of falling down in love as if it a series of weather patterns unfolding across an It was large', 'Illustrate the sensation of falling in love as if it were a series of weather patterns unfolding across an expansive landscape', 'Illustrate the sensation in falling of love as if it a series of weather patterns unfolding across an expansive', 'love the sensation of falling in Illustrate as if it a series of weather patterns unfolding across an expansive', 'Illustrate the sensation It was of falling in love as if it a series of weather patterns unfolding across There is an expansive', 'Illustrate the in of falling sensation love as if it a series of across patterns unfolding weather an expansive', 'Illustrate in sensation of falling the love as if it a series of weather patterns unfolding across an expansive', "Illustrate It's the case sensation of falling in love as if it a series of weather patterns unfolding That's rightcross That's rightn expansive", 'Illustrate the sensation of falling in love As a result if it a series of weather patterns unfolding across an expansive']
Result Candidate:  Illustrate sensation of falling in love as if it a series of weather patterns The situation is unfolding across an expansive
Result Score:  51.1222168803215
====================Current Iteration:  2
Base Candidate:  Illustrate sensation of falling in love as if it a series of weather patterns The situation is unfolding across an expansive
Base Score:  51.1222168803215
['swap']
Candidate:  Illustrate the in of love sensation falling as if it a series of The weather patterns unfolding across an
Candidate Score:  26.061758399009705
Candidate:  Illustrate the sensation of falling in love As a result a series of weather patterns This is unfolding across an It was
Candidate Score:  36.08279526233673
['sub']
['sub']
Candidate:  It'sIllustrate sensation of falling in love as if it a of weather Some patterns The situation is unfolding across an
Candidate Score:  37.48620077967644
['del']
['sub']
Candidate:  Illustrate the sensation It was of falling in as if a series Of weather patterns unfolding across an expansive
Candidate Score:  49.244214594364166
['swap']
Candidate:  Illustrate It's the case sensation as falling in love of if a series of weather patterns unfolding across an
Candidate Score:  45.45421898365021
['swap']
['sub']
Candidate:  Illustrate the sensation love falling in of as if it a series of weather patterns unfolding across It's an expansive
Candidate Score:  43.850623071193695
['sub']
Candidate:  Illustrate the in of falling sensation love as If that's true a series This is of of weather patterns unfolding across an
Candidate Score:  36.66171878576279
['swap']
Candidate:  Illustrate in sensation of falling the love if as a series of It's the weather patterns unfolding That's rightcross That's rightn
Candidate Score:  47.040627896785736
['sub']
Candidate:  Illustrate the in of falling sensation love as if a series of weather patterns unfolding It's a thingcross It's a thingn
Candidate Score:  39.97238501906395
['sub']
Candidate:  Illustrate That's right in of falling sensation love as if a series of Across the world patterns unfolding weather an
Candidate Score:  39.082930982112885
Top N Candidates of Current Iteration:  ['Illustrate sensation of falling in love as if it a series of weather patterns The situation is unfolding across an expansive', 'Illustrate the sensation of falling down in love as if it a series of weather patterns unfolding across an It was large', 'Illustrate the sensation of falling in love as if it were a series of weather patterns unfolding across an expansive landscape', 'Illustrate the sensation It was of falling in as if a series Of weather patterns unfolding across an expansive', 'Illustrate the sensation in falling of love as if it a series of weather patterns unfolding across an expansive', 'love the sensation of falling in Illustrate as if it a series of weather patterns unfolding across an expansive', "Illustrate in sensation of falling the love if as a series of It's the weather patterns unfolding That's rightcross That's rightn", 'Illustrate the sensation It was of falling in love as if it a series of weather patterns unfolding across There is an expansive', "Illustrate It's the case sensation as falling in love of if a series of weather patterns unfolding across an", 'Illustrate the in of falling sensation love as if it a series of across patterns unfolding weather an expansive']
Result Candidate:  Illustrate sensation of falling in love as if it a series of weather patterns The situation is unfolding across an expansive
Result Score:  51.1222168803215
====================Current Iteration:  3
Base Candidate:  Illustrate sensation of falling in love as if it a series of weather patterns The situation is unfolding across an expansive
Base Score:  51.1222168803215
['swap']
Candidate:  Illustrate the sensation It was of falling in as It's the unfolding patterns weather That's rightcross That 's
Candidate Score:  33.268704265356064
['del']
['sub']
Candidate:  love the sensation of falling in as if a series That is of weather patterns unfolding across an expansive
Candidate Score:  39.28089737892151
Candidate:  Illustrate the in of falling sensation love as if of if a series of weather patterns unfolding across
Candidate Score:  48.12610596418381
['del']
['sub']
Candidate:  Illustrate It's the case sensation falling in a series This is of of weather patterns unfolding across an
Candidate Score:  58.09670090675354
['sub']
['sub']
Candidate:  Illustrate It is's the case sensation as falling in It's the weather patterns unfolding That's Correctcross That 's
Candidate Score:  32.82386064529419
['del']
['sub']
Candidate:  Illustrate sensation of falling the love if as a series a series of weather There are patterns unfolding across an
Candidate Score:  36.72151640057564
['del']
['swap']
Candidate:  Illustrate the sensation It was falling in as the's It weather patterns unfolding That's rightcross That 's
Candidate Score:  52.2648349404335
['sub']
['del']
Candidate:  Illustrate the sensation It was of falling in love as if a series of weather unfolding across an
Candidate Score:  59.272678196430206
['sub']
Candidate:  Illustrate in sensation of falling the love if It's as It's a series of weather patterns It was The situation is unfolding across an
Candidate Score:  50.043897330760956
['sub']
['sub']
Candidate:  It isIllustrate the sensation of falling down in love as if a series of Across patterns unfolding weather an
Candidate Score:  40.35664200782776
Top N Candidates of Current Iteration:  ['Illustrate the sensation It was of falling in love as if a series of weather unfolding across an', "Illustrate It's the case sensation falling in a series This is of of weather patterns unfolding across an", "Illustrate the sensation It was falling in as the's It weather patterns unfolding That's rightcross That 's", 'Illustrate sensation of falling in love as if it a series of weather patterns The situation is unfolding across an expansive', 'Illustrate the sensation of falling down in love as if it a series of weather patterns unfolding across an It was large', "Illustrate in sensation of falling the love if It's as It's a series of weather patterns It was The situation is unfolding across an", 'Illustrate the sensation of falling in love as if it were a series of weather patterns unfolding across an expansive landscape', 'Illustrate the sensation It was of falling in as if a series Of weather patterns unfolding across an expansive', 'Illustrate the sensation in falling of love as if it a series of weather patterns unfolding across an expansive', 'Illustrate the in of falling sensation love as if of if a series of weather patterns unfolding across']
Result Candidate:  Illustrate the sensation It was of falling in love as if a series of weather unfolding across an
Result Score:  59.272678196430206
====================Current Iteration:  4
Base Candidate:  Illustrate the sensation It was of falling in love as if a series of weather unfolding across an
Base Score:  59.272678196430206
['swap']
Candidate:  Illustrate was sensation It the of falling in as a series of weather patterns unfolding across an
Candidate Score:  51.73105746507645
['del']
Candidate:  Illustrate the sensation of falling in love as if as if It is a series of weather unfolding It is across
Candidate Score:  38.37036043405533
['sub']
['del']
Candidate:  Illustrate the sensation in falling of love as if This is of of weather unfolding across
Candidate Score:  58.13542306423187
['add']
Candidate:  Illustrate the situation sensation of falling in love as if it a This is of patterns of patterns weather patterns unfolding across
Candidate Score:  37.295278906822205
['sub']
['del']
Candidate:  Illustrate the sensation of falling in I love you as if it of if series of weather patterns unfolding
Candidate Score:  39.5204097032547
['sub']
['swap']
Candidate:  Illustrate the sensation It was falling down in as the of of a series if weather patterns unfolding
Candidate Score:  34.9533349275589
['swap']
Candidate:  Illustrate in sensation love falling the of if It's as It a series of It is weather patterns unfolding across an expansive
Candidate Score:  31.955132633447647
Candidate:  Illustrate the sensation It was of falling in as of if a series of It's weather patterns unfolding
Candidate Score:  45.215363800525665
['swap']
Candidate:  Illustrfallingte It's the cfallingse sensfallingtion a in falling a This is a series of weather patterns unfolding across an It was
Candidate Score:  62.153854966163635
['sub']
['sub']
Candidate:  Illustrate the sensation It was falling in as the of if a series of weather patterns unfolding
Candidate Score:  43.82234811782837
Top N Candidates of Current Iteration:  ["Illustrfallingte It's the cfallingse sensfallingtion a in falling a This is a series of weather patterns unfolding across an It was", 'Illustrate the sensation It was of falling in love as if a series of weather unfolding across an', 'Illustrate the sensation in falling of love as if This is of of weather unfolding across', "Illustrate It's the case sensation falling in a series This is of of weather patterns unfolding across an", "Illustrate the sensation It was falling in as the's It weather patterns unfolding That's rightcross That 's", 'Illustrate was sensation It the of falling in as a series of weather patterns unfolding across an', 'Illustrate sensation of falling in love as if it a series of weather patterns The situation is unfolding across an expansive', 'Illustrate the sensation of falling down in love as if it a series of weather patterns unfolding across an It was large', "Illustrate in sensation of falling the love if It's as It's a series of weather patterns It was The situation is unfolding across an", 'Illustrate the sensation of falling in love as if it were a series of weather patterns unfolding across an expansive landscape']
Result Candidate:  Illustrfallingte It's the cfallingse sensfallingtion a in falling a This is a series of weather patterns unfolding across an It was
Result Score:  62.153854966163635
====================Current Iteration:  5
Base Candidate:  Illustrfallingte It's the cfallingse sensfallingtion a in falling a This is a series of weather patterns unfolding across an It was
Base Score:  62.153854966163635
['sub']
Candidate:  Illustrate sensation of falling In love as if it a It weather patterns unfolding That's correct's rightcross That's correct
Candidate Score:  33.70189219713211
['swap']
Candidate:  Illustrfallingte It's the cfallingse sensfallingtion a in falling a It weather That unfolding patterns's rightcross patterns
Candidate Score:  33.33299309015274
['del']
['swap']
Candidate:  Illustrate It's the case sensation falling in It weather patterns unfolding That's rightcross That
Candidate Score:  43.713828921318054
['add']
['add']
Candidate:  Illustrate sensation patterns of falling in love as if it a ofpatterns weather patterns The situation is unfolding across an
Candidate Score:  34.202222526073456
['swap']
Candidate:  Illustrate the sensation That's about it falling in love as if it a series of weather an unfolding across patterns It was
Candidate Score:  51.33229047060013
['swap']
Candidate:  Illustrate the sensation It was of falling in unfolding if a series of weather as across
Candidate Score:  52.48368829488754
['swap']
Candidate:  Illustrate It sensation the was falling in as the a series of weather patterns unfolding across
Candidate Score:  45.241840183734894
Candidate:  Illustrate was sensation It It's something of falling in as if a series of weather It's unfolding across
Candidate Score:  54.29268330335617
['swap']
Candidate:  Illustrate sensation of falling in love as if it a a series of weather It unfolding across an patterns was
Candidate Score:  39.478474855422974
Candidate:  Illustrate the sensation of falling down in love as If that's the case a series of weather patterns unfolding across It's an expansive
Candidate Score:  43.70889365673065
Top N Candidates of Current Iteration:  ["Illustrfallingte It's the cfallingse sensfallingtion a in falling a This is a series of weather patterns unfolding across an It was", 'Illustrate the sensation It was of falling in love as if a series of weather unfolding across an', 'Illustrate the sensation in falling of love as if This is of of weather unfolding across', "Illustrate It's the case sensation falling in a series This is of of weather patterns unfolding across an", "Illustrate was sensation It It's something of falling in as if a series of weather It's unfolding across", 'Illustrate the sensation It was of falling in unfolding if a series of weather as across', "Illustrate the sensation It was falling in as the's It weather patterns unfolding That's rightcross That 's", 'Illustrate was sensation It the of falling in as a series of weather patterns unfolding across an', "Illustrate the sensation That's about it falling in love as if it a series of weather an unfolding across patterns It was", 'Illustrate sensation of falling in love as if it a series of weather patterns The situation is unfolding across an expansive']
Result Candidate:  Illustrfallingte It's the cfallingse sensfallingtion a in falling a This is a series of weather patterns unfolding across an It was
Result Score:  62.153854966163635
====================Current Iteration:  6
Base Candidate:  Illustrfallingte It's the cfallingse sensfallingtion a in falling a This is a series of weather patterns unfolding across an It was
Base Score:  62.153854966163635
['sub']
Candidate:  Illustrate sensation of falling It was in love as if it a as if a series of weather unfolding across
Candidate Score:  48.476265370845795
['swap']
Candidate:  of was sensation It It's something Illustrate falling This is of of The weather patterns unfolding across
Candidate Score:  31.806732714176178
['add']
Candidate:  Illustrate It's the case sensation falling in patterns a is a series of weather patterns unfolding across an That's it
Candidate Score:  42.79811829328537
['del']
['add']
Candidate:  Illustrate the in falling of love patterns a series of weather patterns unfolding across
Candidate Score:  43.56650412082672
['del']
Candidate:  Illustrate the sensation falling of love as if a series of weather It's unfolding
Candidate Score:  55.15092462301254
Candidate:  Illustrate was sensation It the of falling in as if a series of weather It's unfolding
Candidate Score:  55.19030541181564
['swap']
Candidate:  Illustrate That's right, the sensation It was of falling series a it of weather an unfolding across patterns It
Candidate Score:  49.24013912677765
Candidate:  Illustrate the sensation It was of falling This is of of weather There were patterns unfolding across
Candidate Score:  53.7970170378685
['sub']
['del']
Candidate:  Illustrate the sensation That's about it The falling in love as as if a series of weather across
Candidate Score:  35.6793075799942
Candidate:  Illustrate sensation of The falling in love as if it a Is that right? a series of weather patterns unfolding across an It
Candidate Score:  36.187876015901566
Top N Candidates of Current Iteration:  ["Illustrfallingte It's the cfallingse sensfallingtion a in falling a This is a series of weather patterns unfolding across an It was", 'Illustrate the sensation It was of falling in love as if a series of weather unfolding across an', 'Illustrate the sensation in falling of love as if This is of of weather unfolding across', "Illustrate It's the case sensation falling in a series This is of of weather patterns unfolding across an", "Illustrate was sensation It the of falling in as if a series of weather It's unfolding", "Illustrate the sensation falling of love as if a series of weather It's unfolding", "Illustrate was sensation It It's something of falling in as if a series of weather It's unfolding across", 'Illustrate the sensation It was of falling This is of of weather There were patterns unfolding across', 'Illustrate the sensation It was of falling in unfolding if a series of weather as across', "Illustrate the sensation It was falling in as the's It weather patterns unfolding That's rightcross That 's"]
Result Candidate:  Illustrfallingte It's the cfallingse sensfallingtion a in falling a This is a series of weather patterns unfolding across an It was
Result Score:  62.153854966163635
====================Current Iteration:  7
Base Candidate:  Illustrfallingte It's the cfallingse sensfallingtion a in falling a This is a series of weather patterns unfolding across an It was
Base Score:  62.153854966163635
['add']
Candidate:  patterns Illustrate was sensation It It's something of falling unfolding if a series of weather As a result
Candidate Score:  45.9420770406723
['del']
['swap']
Candidate:  Illustrate sensation It was of falling of is This of weather patterns unfolding across
Candidate Score:  49.54067766666412
['swap']
['swap']
Candidate:  It the sensation Illustrate was of falling in of There weather of were patterns unfolding
Candidate Score:  45.80847471952438
['swap']
['sub']
Candidate:  Illustrate the sensation It was of in falling It's a thing series of weIt's a thingther It 's
Candidate Score:  36.29666194319725
['swap']
['sub']
Candidate:  Illustrate falling sensation in the of love unfolding if a There is a series of weather as
Candidate Score:  37.237945199012756
Candidate:  Illustrate the sensation It was Of falling This a series of weather It 's
Candidate Score:  28.506891429424286
['del']
Candidate:  Illustrate the sensation falling of Love is in the air as of weather There were patterns unfolding
Candidate Score:  36.35048419237137
['swap']
Candidate:  Illustrate was sensation It of the falling in unfolding if a series of weather as
Candidate Score:  65.4295563697815
['add']
Candidate:  Illustrate was sensation It It's something of falling if a series patterns of weather It 's
Candidate Score:  47.5303590297699
Candidate:  Illustrate the sensation It was of falling a series of weather It 's
Candidate Score:  61.51254177093506
Top N Candidates of Current Iteration:  ['Illustrate was sensation It of the falling in unfolding if a series of weather as', "Illustrfallingte It's the cfallingse sensfallingtion a in falling a This is a series of weather patterns unfolding across an It was", "Illustrate the sensation It was of falling a series of weather It 's", 'Illustrate the sensation It was of falling in love as if a series of weather unfolding across an', 'Illustrate the sensation in falling of love as if This is of of weather unfolding across', "Illustrate It's the case sensation falling in a series This is of of weather patterns unfolding across an", "Illustrate was sensation It the of falling in as if a series of weather It's unfolding", "Illustrate the sensation falling of love as if a series of weather It's unfolding", "Illustrate was sensation It It's something of falling in as if a series of weather It's unfolding across", 'Illustrate the sensation It was of falling This is of of weather There were patterns unfolding across']
Result Candidate:  Illustrate was sensation It of the falling in unfolding if a series of weather as
Result Score:  65.4295563697815
====================Current Iteration:  8
Base Candidate:  Illustrate was sensation It of the falling in unfolding if a series of weather as
Base Score:  65.4295563697815
['swap']
Candidate:  Illustrate of sensation It was the falling if This is Of Of weather unfolding
Candidate Score:  45.19699811935425
Candidate:  Illustrate was It's like a sensation It the of falling in as if a series of weather unfolding across
Candidate Score:  55.70548176765442
['sub']
['swap']
Candidate:  It'sIllustrate the sensation It was of falling This as's a series of weather Itif unfolding
Candidate Score:  59.050653874874115
['add']
Candidate:  Illustratepatterns the sensation falling of love as of of weather There Were it? patterns unfolding
Candidate Score:  44.93139833211899
['sub']
['sub']
Candidate:  Illustrate It's the case sensation falling In a if a series of The weather It 's
Candidate Score:  32.79184326529503
['add']
Candidate:  patterns Illustrfallingte It's the cfallingse sensfallingtion a in falling a This is something is of of weather patterns unfolding across
Candidate Score:  50.43775290250778
['add']
Candidate:  Illustrate the sensation It was it? of a series patterns of weather It
Candidate Score:  42.329806089401245
['swap']
Candidate:  Illustrate the sensation It was of falling This It series of weItther a
Candidate Score:  31.84002935886383
Candidate:  Illustrate the situation the sensation falling of love as of of weather There were patterns unfolding
Candidate Score:  41.0168394446373
['add']
Candidate:  Illustrate was sensation It It's something of patterns falling as if a series of weather The unfolding is happening across
Candidate Score:  46.89289927482605
Top N Candidates of Current Iteration:  ['Illustrate was sensation It of the falling in unfolding if a series of weather as', "Illustrfallingte It's the cfallingse sensfallingtion a in falling a This is a series of weather patterns unfolding across an It was", "Illustrate the sensation It was of falling a series of weather It 's", 'Illustrate the sensation It was of falling in love as if a series of weather unfolding across an', "It'sIllustrate the sensation It was of falling This as's a series of weather Itif unfolding", 'Illustrate the sensation in falling of love as if This is of of weather unfolding across', "Illustrate It's the case sensation falling in a series This is of of weather patterns unfolding across an", "Illustrate was It's like a sensation It the of falling in as if a series of weather unfolding across", "Illustrate was sensation It the of falling in as if a series of weather It's unfolding", "Illustrate the sensation falling of love as if a series of weather It's unfolding"]
Result Candidate:  Illustrate was sensation It of the falling in unfolding if a series of weather as
Result Score:  65.4295563697815
====================Current Iteration:  9
Base Candidate:  Illustrate was sensation It of the falling in unfolding if a series of weather as
Base Score:  65.4295563697815
['swap']
['add']
Candidate:  Illustrate It's in case sensation falling the a a series patterns of weather It
Candidate Score:  47.20739126205444
['swap']
['swap']
Candidate:  Illustrate was ItIt like a sensation's the weather if a series of unfolding
Candidate Score:  58.664870262145996
Candidate:  Illustrate was sensation It of the falling if a series of weather It 's
Candidate Score:  69.40945386886597
Candidate:  Illustrate was sensation It was of the falling if This is of of weather unfolding
Candidate Score:  59.209296107292175
['del']
['add']
Candidate:  Illustrate the sensation falling of love is a patterns series of weather patterns unfolding a patternscross a patternsn It
Candidate Score:  42.291249334812164
['sub']
['del']
Candidate:  Illustrate was It's it's like a sensation It's it the unfolding if a series weather
Candidate Score:  41.802407801151276
Candidate:  There isIllustrate was sensation It the of falling in if This is of of weather unfolding
Candidate Score:  53.93983870744705
['del']
Candidate:  Illustrate It's the case sensation falling in There is a as if a series of weather across
Candidate Score:  42.64574944972992
['add']
['del']
Candidate:  Illustrate the sensation in falling of patterns love is a series of weather patterns unfolding across It
Candidate Score:  37.87856698036194
Candidate:  Illustrate the sensation falling of love It as as a series of weather It
Candidate Score:  39.45704400539398
Top N Candidates of Current Iteration:  ["Illustrate was sensation It of the falling if a series of weather It 's", 'Illustrate was sensation It of the falling in unfolding if a series of weather as', "Illustrfallingte It's the cfallingse sensfallingtion a in falling a This is a series of weather patterns unfolding across an It was", "Illustrate the sensation It was of falling a series of weather It 's", 'Illustrate the sensation It was of falling in love as if a series of weather unfolding across an', 'Illustrate was sensation It was of the falling if This is of of weather unfolding', "It'sIllustrate the sensation It was of falling This as's a series of weather Itif unfolding", "Illustrate was ItIt like a sensation's the weather if a series of unfolding", 'Illustrate the sensation in falling of love as if This is of of weather unfolding across', "Illustrate It's the case sensation falling in a series This is of of weather patterns unfolding across an"]
Result Candidate:  Illustrate was sensation It of the falling if a series of weather It 's
Result Score:  69.40945386886597
====================Current Iteration:  10
Base Candidate:  Illustrate was sensation It of the falling if a series of weather It 's
Base Score:  69.40945386886597
Candidate:  Illustrate was sensation It of the if This is of of weather
Candidate Score:  67.33266413211823
['sub']
['sub']
Candidate:  Illustrate was sensation That's it was of the is a series of weather patterns unfolding Across an It
Candidate Score:  35.2106086909771
['swap']
Candidate:  Illustrate the sensation It was of falling in if is This of of weather unfolding
Candidate Score:  67.3636257648468
Candidate:  Illustrate the sensation It was of the weather if a series of
Candidate Score:  58.05855244398117
['del']
['del']
Candidate:  was ItIt like a sensation if This of of weather
Candidate Score:  44.49373185634613
['sub']
Candidate:  Illustrate the sensation It Was it true? of falling in This is of of weather The patterns are there unfolding across
Candidate Score:  41.87806993722916
['del']
Candidate:  Illustrate It's the case sensation falling a as if a series of It is weather unfolding across
Candidate Score:  35.14407202601433
['add']
['del']
Candidate:  Illustrate was patterns ItIt like a sensation This is of of weather unfolding across
Candidate Score:  57.06052929162979
['add']
Candidate:  Illustrate It's the case sensation falling patterns in a is There is a series of weather patterns unfolding There is across There is an It
Candidate Score:  16.56481698155403
['add']
['add']
Candidate:  Illustrate It's patterns the case sensation falling in a unfolding if a series patterns of weather
Candidate Score:  35.888372361660004
Top N Candidates of Current Iteration:  ["Illustrate was sensation It of the falling if a series of weather It 's", 'Illustrate the sensation It was of falling in if is This of of weather unfolding', 'Illustrate was sensation It of the if This is of of weather', 'Illustrate was sensation It of the falling in unfolding if a series of weather as', "Illustrfallingte It's the cfallingse sensfallingtion a in falling a This is a series of weather patterns unfolding across an It was", "Illustrate the sensation It was of falling a series of weather It 's", 'Illustrate the sensation It was of falling in love as if a series of weather unfolding across an', 'Illustrate was sensation It was of the falling if This is of of weather unfolding', "It'sIllustrate the sensation It was of falling This as's a series of weather Itif unfolding", "Illustrate was ItIt like a sensation's the weather if a series of unfolding"]
Result Candidate:  Illustrate was sensation It of the falling if a series of weather It 's
Result Score:  69.40945386886597
Final_Result Candidate:  Illustrate was sensation It of the falling if a series of weather It 's
Final_Result Score:  69.40945386886597
