Original Candidate:	  Show the boundary between night and day.
Original Score:	  50.0

Current Iteration:  1
Base Candidate:  Show the boundary between night and day.
Base Score:  50.0
['del' 'swap' 'sub' 'del' 'swap' 'sub' 'swap' 'sub' 'del' 'swap']
Candidate:  the boundary between night and day.
Ave_Score: 69.78078186511993
Candidate: the boundary Show between night and day.
Ave_Score: 69.05961632728577
Candidate: Show what you can the boundary between night and day.
Ave_Score: 54.38584387302399
Candidate:  the boundary between night and day.
Ave_Score: 73.06283414363861
Candidate: Show between night and day the boundary.
Ave_Score: 56.36420100927353
Candidate: Show the boundary Between the hours of night and day.
Ave_Score: 47.96614795923233
Candidate: between night and day the boundary Show.
Ave_Score: 45.6665962934494
Candidate: Show the boundary between night and day.
Ave_Score: 64.97147381305695
Candidate: Show  between night and day.
Ave_Score: 60.00874936580658
Candidate: the boundary Show between night and day.
Ave_Score: 69.13087069988251
Per_curr_iteration_best_candidate:   the boundary between night and day.
Per_curr_iteration_best_score:  73.06283414363861
Result_candidate:   the boundary between night and day.
Result_score:  73.06283414363861
Current Iteration:  2
Base Candidate:   the boundary between night and day.
Base Score:  73.06283414363861
['swap' 'swap' 'del' 'sub' 'add' 'sub' 'sub' 'del' 'swap' 'sub']
Candidate:  between night and day the boundary.
Ave_Score: 60.91920733451843
Candidate:  between night and day the boundary.
Ave_Score: 59.38926935195923
Candidate:  the boundary .
Ave_Score: 34.76545363664627
Candidate:  the boundary between night and day.
Ave_Score: 77.92483866214752
Candidate:  the boundary Show between night and day.
Ave_Score: 42.72563457489014
Candidate:  The boundary between night and day.
Ave_Score: 62.92722821235657
Candidate:  It is the boundary between night and day.
Ave_Score: 53.64914983510971
Candidate:   between night and day.
Ave_Score: 48.45845103263855
Candidate:  between night and day the boundary.
Ave_Score: 70.199716091156
Candidate:  It's the boundary between night and day.
Ave_Score: 39.31968957185745
Per_curr_iteration_best_candidate:   the boundary between night and day.
Per_curr_iteration_best_score:  77.92483866214752
Result_candidate:   the boundary between night and day.
Result_score:  77.92483866214752
Current Iteration:  3
Base Candidate:   the boundary between night and day.
Base Score:  77.92483866214752
['sub' 'sub' 'del' 'add' 'add' 'sub' 'sub' 'del' 'add' 'add']
Candidate:  The boundary has a boundary between night and day.
Ave_Score: 60.06939113140106
Candidate:  It's the boundary between night and day.
Ave_Score: 53.303030133247375
Candidate:   between night and day.
Ave_Score: 51.32879912853241
Candidate:  the boundary Show between night and day.
Ave_Score: 61.41078770160675
Candidate:  the boundary Show between night and day.
Ave_Score: 58.19433033466339
Candidate:  the boundary During the day and night.
Ave_Score: 51.19613856077194
Candidate:  the boundary During the day and night.
Ave_Score: 54.14767116308212
Candidate:   between night and day.
Ave_Score: 65.92128872871399
Candidate: Show  the boundary between night and day.
Ave_Score: 57.53689557313919
Candidate:  the boundary Show between night and day.
Ave_Score: 55.64577281475067
Per_curr_iteration_best_candidate:    between night and day.
Per_curr_iteration_best_score:  65.92128872871399
Current Iteration:  4
Base Candidate:   the boundary between night and day.
Base Score:  77.92483866214752
['sub' 'swap' 'del' 'sub' 'del' 'swap' 'del' 'add' 'del' 'add']
Candidate:  the boundary During the night and day.
Ave_Score: 58.78763198852539
Candidate:  between night and day the boundary.
Ave_Score: 63.79543840885162
Candidate:  the boundary .
Ave_Score: 32.12811127305031
Candidate:  the boundary Between the night and day.
Ave_Score: 75.38002133369446
Candidate:   between night and day.
Ave_Score: 44.06125247478485
Candidate:  between night and day the boundary.
Ave_Score: 73.46237301826477
Candidate:  the boundary .
Ave_Score: 32.26927071809769
Candidate:  the boundary Show between night and day.
Ave_Score: 53.47505509853363
Candidate:  the boundary .
Ave_Score: 38.66492062807083
Candidate: Show  the boundary between night and day.
Ave_Score: 50.7610097527504
Per_curr_iteration_best_candidate:   the boundary Between the night and day.
Per_curr_iteration_best_score:  75.38002133369446
Current Iteration:  5
Base Candidate:   the boundary between night and day.
Base Score:  77.92483866214752
['swap' 'swap' 'add' 'add' 'add' 'sub' 'sub' 'sub' 'sub' 'add']
Candidate:  between night and day the boundary.
Ave_Score: 65.04499316215515
Candidate:  between night and day the boundary.
Ave_Score: 48.82998466491699
Candidate:  the boundary between night and day Show.
Ave_Score: 66.47167801856995
Candidate:  the boundary Show between night and day.
Ave_Score: 59.452494978904724
Candidate:  the boundary between night and day Show.
Ave_Score: 54.50289994478226
Candidate:  It's the boundary between night and day.
Ave_Score: 50.888849794864655
Candidate:  There is a boundary between night and day.
Ave_Score: 49.915459752082825
Candidate:  the boundary Between the night and day.
Ave_Score: 60.42221337556839
Candidate:  The boundary has a boundary between night and day.
Ave_Score: 69.85392272472382
Candidate: Show  the boundary between night and day.
Ave_Score: 62.87711411714554
Per_curr_iteration_best_candidate:   The boundary has a boundary between night and day.
Per_curr_iteration_best_score:  69.85392272472382
Current Iteration:  6
Base Candidate:   the boundary between night and day.
Base Score:  77.92483866214752
['swap' 'sub' 'swap' 'swap' 'add' 'swap' 'add' 'swap' 'del' 'sub']
Candidate:  between night and day the boundary.
Ave_Score: 65.6611979007721
Candidate:  It's the boundary between night and day.
Ave_Score: 46.38373255729675
Candidate:  between night and day the boundary.
Ave_Score: 61.13854944705963
Candidate:  between night and day the boundary.
Ave_Score: 62.055930495262146
Candidate: Show  the boundary between night and day.
Ave_Score: 57.63843655586243
Candidate:  between night and day the boundary.
Ave_Score: 63.68105709552765
Candidate:  the boundary Show between night and day.
Ave_Score: 66.00747406482697
Candidate:  between night and day the boundary.
Ave_Score: 59.88353490829468
Candidate:  the boundary .
Ave_Score: 35.64503937959671
Candidate:  The boundary between night and day.
Ave_Score: 59.21202898025513
Per_curr_iteration_best_candidate:   the boundary Show between night and day.
Per_curr_iteration_best_score:  66.00747406482697
Current Iteration:  7
Base Candidate:   the boundary between night and day.
Base Score:  77.92483866214752
['del' 'sub' 'del' 'swap' 'swap' 'swap' 'sub' 'del' 'del' 'swap']
Candidate:  the boundary .
Ave_Score: 29.04440462589264
Candidate:  It's the boundary between night and day.
Ave_Score: 48.90458583831787
Candidate:   between night and day.
Ave_Score: 60.86675822734833
Candidate:  between night and day the boundary.
Ave_Score: 69.69831585884094
Candidate:  between night and day the boundary.
Ave_Score: 69.96048986911774
Candidate:  between night and day the boundary.
Ave_Score: 65.5498206615448
Candidate:  the boundary Between the night and day.
Ave_Score: 58.88952314853668
Candidate:   between night and day.
Ave_Score: 40.78788608312607
Candidate:   between night and day.
Ave_Score: 53.764455020427704
Candidate:  between night and day the boundary.
Ave_Score: 59.254154562950134
Per_curr_iteration_best_candidate:   between night and day the boundary.
Per_curr_iteration_best_score:  69.96048986911774
Current Iteration:  8
Base Candidate:   the boundary between night and day.
Base Score:  77.92483866214752
['sub' 'del' 'del' 'swap' 'sub' 'swap' 'del' 'del' 'sub' 'swap']
Candidate:  the boundary During the night and day.
Ave_Score: 54.787577688694
Candidate:  the boundary .
Ave_Score: 45.07660120725632
Candidate:  the boundary .
Ave_Score: 32.44733810424805
Candidate:  between night and day the boundary.
Ave_Score: 64.15291130542755
Candidate:  the boundary Between the night and the day.
Ave_Score: 72.96674251556396
Candidate:  between night and day the boundary.
Ave_Score: 62.85330355167389
Candidate:  the boundary .
Ave_Score: 39.86301124095917
Candidate:   between night and day.
Ave_Score: 46.184274554252625
Candidate:  the boundary During the day and night.
Ave_Score: 55.73740303516388
Candidate:  between night and day the boundary.
Ave_Score: 47.59412556886673
Per_curr_iteration_best_candidate:   the boundary Between the night and the day.
Per_curr_iteration_best_score:  72.96674251556396
Current Iteration:  9
Base Candidate:   the boundary between night and day.
Base Score:  77.92483866214752
['add' 'sub' 'add' 'sub' 'sub' 'del' 'swap' 'del' 'del' 'swap']
Candidate: Show  the boundary between night and day.
Ave_Score: 78.63528728485107
Candidate:  the boundary between night and day.
Ave_Score: 76.41255855560303
Candidate: Show  the boundary between night and day.
Ave_Score: 43.02220642566681
Candidate:  the boundary Between night and day.
Ave_Score: 71.87864184379578
Candidate:  There is a boundary between night and day.
Ave_Score: 53.64503711462021
Candidate:   between night and day.
Ave_Score: 57.01485872268677
Candidate:  between night and day the boundary.
Ave_Score: 59.93903577327728
Candidate:  the boundary .
Ave_Score: 36.50052398443222
Candidate:   between night and day.
Ave_Score: 55.217041075229645
Candidate:  between night and day the boundary.
Ave_Score: 60.672128200531006
Per_curr_iteration_best_candidate:  Show  the boundary between night and day.
Per_curr_iteration_best_score:  78.63528728485107
Notice! Prev tracker:  ['Show']
Notice! New tracker:  []
Result_candidate:  Show  the boundary between night and day.
Result_score:  78.63528728485107
Current Iteration:  10
Base Candidate:  Show  the boundary between night and day.
Base Score:  78.63528728485107
['del' 'swap' 'sub' 'del' 'sub' 'sub' 'sub' 'sub' 'del' 'swap']
Candidate: Show  the boundary .
Ave_Score: 37.935979664325714
Candidate: Show  between night and day the boundary.
Ave_Score: 48.39184433221817
Candidate: Show what you can do  the boundary between night and day.
Ave_Score: 55.82980960607529
Candidate:   the boundary between night and day.
Ave_Score: 69.89679038524628
Candidate: Show  There is a boundary between night and day.
Ave_Score: 46.854110062122345
Candidate: Show  There is a boundary between night and day.
Ave_Score: 66.97294116020203
Candidate: Show  the boundary During the night and day.
Ave_Score: 48.70473891496658
Candidate: Show  The boundary between night and day.
Ave_Score: 51.11313760280609
Candidate: Show   between night and day.
Ave_Score: 63.155293464660645
Candidate: the boundary  Show between night and day.
Ave_Score: 66.05924665927887
Per_curr_iteration_best_candidate:    the boundary between night and day.
Per_curr_iteration_best_score:  69.89679038524628
Final_Result Candidate:  Show  the boundary between night and day.
Final_Result Score:  78.63528728485107
