Original Candidate:	  a photo of an astronaut riding a horse on mars
Original Score:	  50.0

Current Iteration:  1
Base Candidate:  a photo of an astronaut riding a horse on mars
Base Score:  50.0
['sub']
Error occurs (parser) and skip this mutation
['sub']
['del']
Error occurs (parser) and skip this mutation
Candidate:  There is a photo of an astronaut riding A horse is in motion on mars
Candidate Score:  12.341288104653358
['del']
['sub']
Error occurs (parser) and skip this mutation
['del']
Error occurs (parser) and skip this mutation
['sub']
Error occurs (parser) and skip this mutation
Candidate:  photo of an astronaut riding a horse on mars
Candidate Score:  28.474603593349457
['swap']
['sub']
['del']
Error occurs (parser) and skip this mutation
Candidate:  photo a of an astronaut riding a horse on mars
Candidate Score:  36.129023879766464
['del']
['sub']
Error occurs (parser) and skip this mutation
Error occurs (parser) and skip this mutation
['del']
Error occurs (parser) and skip this mutation
Candidate:  photo of an astronaut riding a horse on mars
Candidate Score:  34.65441167354584
['swap']
['swap']
Error occurs (parser) and skip this mutation
['del']
Error occurs (parser) and skip this mutation
Candidate:  photo a It was of of an astronaut riding a horse on mars
Candidate Score:  27.40878164768219
['del']
['sub']
Error occurs (parser) and skip this mutation
['swap']
Error occurs (parser) and skip this mutation
Error occurs (parser) and skip this mutation
Candidate:  a an astronaut of riding a horse on mars
Candidate Score:  18.210449069738388
['del']
['sub']
['swap']
Error occurs (parser) and skip this mutation
Error occurs (parser) and skip this mutation
Candidate:  photo of an astronaut riding a horse on Mars
Candidate Score:  28.022608160972595
['del']
Error occurs (parser) and skip this mutation
['del']
Error occurs (parser) and skip this mutation
Error occurs (parser) and skip this mutation
Candidate:  a The photo is a picture an astronaut riding a horse on mars
Candidate Score:  13.33775781095028
['swap']
Error occurs (parser) and skip this mutation
['del']
Error occurs (parser) and skip this mutation
['del']
Error occurs (parser) and skip this mutation
Candidate:  a The photo was taken of riding a horse on mars
Candidate Score:  22.047218307852745
['del']
['swap']
Error occurs (parser) and skip this mutation
['sub']
Error occurs (parser) and skip this mutation
Error occurs (parser) and skip this mutation
Candidate:  photo of an astronaut riding a horse on mars
Candidate Score:  31.65416419506073
Top N Candidates of Current Iteration:  ['a photo of an astronaut riding a horse on mars', 'photo a of an astronaut riding a horse on mars', 'photo of an astronaut riding a horse on mars', 'photo of an astronaut riding a horse on mars', 'photo of an astronaut riding a horse on mars', 'photo of an astronaut riding a horse on Mars', 'photo a It was of of an astronaut riding a horse on mars', 'a The photo was taken of riding a horse on mars', 'a an astronaut of riding a horse on mars', 'a The photo is a picture an astronaut riding a horse on mars']
Result Candidate:  a photo of an astronaut riding a horse on mars
Result Score:  50.0
Current Iteration:  2
Base Candidate:  a photo of an astronaut riding a horse on mars
Base Score:  50.0
['swap']
['swap']
Error occurs (parser) and skip this mutation
Error occurs (parser) and skip this mutation
Candidate:  There is a The photo on mars an astronaut riding a horse of
Candidate Score:  16.31399244070053
['del']
['add']
['swap']
['swap']
Error occurs (parser) and skip this mutation
Error occurs (parser) and skip this mutation
Candidate:  a The an astronaut of on mars riding a horse an astronaut
Candidate Score:  19.453324377536774
['swap']
['swap']
['del']
Error occurs (parser) and skip this mutation
['sub']
Error occurs (parser) and skip this mutation
Candidate:  photo It of an astronaut a horse on mars
Candidate Score:  10.44919639825821
['del']
['del']
Note: The mutated candidate is an empty string, and it is deleted.
['sub']
['del']
Error occurs (parser) and skip this mutation
['sub']
Error occurs (parser) and skip this mutation
['del']
Error occurs (parser) and skip this mutation
Candidate:  a It is
Candidate Score:  0.3093705512583256
['swap']
['sub']
['swap']
Error occurs (parser) and skip this mutation
Candidate:  photo It's something is a picture an astronaut There is a person riding a horse on mars
Candidate Score:  9.834052994847298
['del']
Error occurs (parser) and skip this mutation
['swap']
Error occurs (parser) and skip this mutation
Candidate:  That's right, a photo Is that what it is a picture an astronaut riding a horse on mars
Candidate Score:  11.694807186722755
['del']
['add']
['del']
Error occurs (parser) and skip this mutation
['swap']
Error occurs (parser) and skip this mutation
Candidate:  a photo an astronaut of an astronaut riding a horse on mars
Candidate Score:  36.229149997234344
Error occurs (parser) and skip this mutation
['add']
['sub']
Candidate:  photo of an astronaut riding a horse on Mars an astronaut was it? of of an astronaut riding a horse on mars
Candidate Score:  37.85394802689552
['add']
['swap']
Error occurs (parser) and skip this mutation
['del']
Error occurs (parser) and skip this mutation
Error occurs (parser) and skip this mutation
['del']
Error occurs (parser) and skip this mutation
Candidate:  an astronaut a The photo
Candidate Score:  7.032204233109951
Error occurs (parser) and skip this mutation
Error occurs (parser) and skip this mutation
['add']
Candidate:  There is a photo of an astronauts riding a horse an astronaut
Candidate Score:  31.95524513721466
Top N Candidates of Current Iteration:  ['a photo of an astronaut riding a horse on mars', 'photo of an astronaut riding a horse on Mars an astronaut was it? of of an astronaut riding a horse on mars', 'a photo an astronaut of an astronaut riding a horse on mars', 'photo a of an astronaut riding a horse on mars', 'photo of an astronaut riding a horse on mars', 'There is a photo of an astronauts riding a horse an astronaut', 'photo of an astronaut riding a horse on mars', 'photo of an astronaut riding a horse on mars', 'photo of an astronaut riding a horse on Mars', 'photo a It was of of an astronaut riding a horse on mars']
Notice! Prev tracker:  ['an astronaut', 'of']
Notice! New tracker:  ['of']
Result Candidate:  a photo of an astronaut riding a horse on mars
Result Score:  50.0
Current Iteration:  3
Base Candidate:  a photo of an astronaut riding a horse on mars
Base Score:  50.0
Error occurs (parser) and skip this mutation
Error occurs (parser) and skip this mutation
['del']
Error occurs (parser) and skip this mutation
['add']
Candidate:  photo a of
Candidate Score:  0.3719372907653451
['swap']
Error occurs (parser) and skip this mutation
['del']
Note: The mutated candidate is an empty string, and it is deleted.
['swap']
['del']
Error occurs (parser) and skip this mutation
Candidate:  photo a of an astronaut riding a horse on mars of
Candidate Score:  47.29707092046738
Error occurs (parser) and skip this mutation
['add']
Candidate:  a photo It of of
Candidate Score:  0.39813981857150793
['sub']
['del']
Error occurs (parser) and skip this mutation
['sub']
['add']
Candidate:  There is a photo of an astronaut riding A horse is outside on mars of
Candidate Score:  31.701038777828217
['sub']
['del']
Error occurs (parser) and skip this mutation
['swap']
['add']
Candidate:  It's a photo a photo is of an astronauts riding a horse an astronaut of
Candidate Score:  36.768938601017
Error occurs (parser) and skip this mutation
['add']
Error occurs (parser) and skip this mutation
Error occurs (parser) and skip this mutation
Candidate:  photo of an astronaut riding a horse on Mars of
Candidate Score:  49.82656687498093
['add']
['swap']
Error occurs (parser) and skip this mutation
['del']
['sub']
['sub']
Error occurs (parser) and skip this mutation
Candidate:  Thereof of an astronaut riding on Mars Of
Candidate Score:  5.121912620961666
['del']
Error occurs (parser) and skip this mutation
Error occurs (parser) and skip this mutation
['del']
Error occurs (parser) and skip this mutation
Candidate:  A photo is being taken of an astronaut riding a horse On mars
Candidate Score:  16.142187640070915
['swap']
['del']
Error occurs (parser) and skip this mutation
['sub']
Error occurs (parser) and skip this mutation
['del']
Error occurs (parser) and skip this mutation
Candidate:  photo It
Candidate Score:  0.18629104015417397
['swap']
['swap']
['sub']
Error occurs (parser) and skip this mutation
['del']
Error occurs (parser) and skip this mutation
Candidate:  photo a of an astronaut riding a horse on mars It a photo is of an astronauts riding a horse an astronaut
Candidate Score:  33.20492506027222
Top N Candidates of Current Iteration:  ['a photo of an astronaut riding a horse on mars', 'photo of an astronaut riding a horse on Mars of', 'photo a of an astronaut riding a horse on mars of', 'photo of an astronaut riding a horse on Mars an astronaut was it? of of an astronaut riding a horse on mars', "It's a photo a photo is of an astronauts riding a horse an astronaut of", 'a photo an astronaut of an astronaut riding a horse on mars', 'photo a of an astronaut riding a horse on mars', 'photo of an astronaut riding a horse on mars', 'photo a of an astronaut riding a horse on mars It a photo is of an astronauts riding a horse an astronaut', 'There is a photo of an astronauts riding a horse an astronaut']
Notice! Prev tracker:  ['of']
Notice! New tracker:  []
Result Candidate:  a photo of an astronaut riding a horse on mars
Result Score:  50.0
Current Iteration:  4
Base Candidate:  a photo of an astronaut riding a horse on mars
Base Score:  50.0
['swap']
Error occurs (parser) and skip this mutation
['swap']
Error occurs (parser) and skip this mutation
['swap']
Error occurs (parser) and skip this mutation
Candidate:  photo riding an astronaut of a horse on mars
Candidate Score:  30.30417189002037
['del']
Note: The mutated candidate is an empty string, and it is deleted.
['swap']
['swap']
['swap']
Error occurs (parser) and skip this mutation
Candidate:  There is a photo a of an astronaut riding on mars a horse Of
Candidate Score:  21.940753608942032
['swap']
['del']
Error occurs (parser) and skip this mutation
['swap']
['swap']
Error occurs (parser) and skip this mutation
Candidate:  photo It of an astronaut riding a horse on mars a photo of
Candidate Score:  6.716262921690941
['del']
Note: The mutated candidate is an empty string, and it is deleted.
['del']
Note: The mutated candidate is an empty string, and it is deleted.
['swap']
['del']
Error occurs (parser) and skip this mutation
['swap']
Error occurs (parser) and skip this mutation
Candidate:  a photo a's a photo a photo is of an astronauts riding a horse an astronaut of
Candidate Score:  7.84131046384573
['swap']
Error occurs (parser) and skip this mutation
Error occurs (parser) and skip this mutation
Candidate:  photo
Candidate Score:  0.29429789865389466
['swap']
['swap']
Error occurs (parser) and skip this mutation
['swap']
Error occurs (parser) and skip this mutation
['sub']
Error occurs (parser) and skip this mutation
Candidate:  photo
Candidate Score:  0.34526592353358865
['swap']
Error occurs (parser) and skip this mutation
['del']
['sub']
['swap']
Error occurs (parser) and skip this mutation
Candidate:  photo a of riding a horse on mars of an astronaut riding a horse on mars
Candidate Score:  31.525103747844696
['swap']
['swap']
Error occurs (parser) and skip this mutation
['sub']
['swap']
Error occurs (parser) and skip this mutation
['swap']
Error occurs (parser) and skip this mutation
Candidate:  photo a's a photo a photo An astronauts is riding a horse
Candidate Score:  31.211401522159576
['swap']
['sub']
Error occurs (parser) and skip this mutation
['del']
Error occurs (parser) and skip this mutation
Candidate:  photo A?
Candidate Score:  0.319936778396368
['swap']
['sub']
Error occurs (parser) and skip this mutation
['sub']
Error occurs (parser) and skip this mutation
['del']
Error occurs (parser) and skip this mutation
Candidate:  photo a of an astronaut riding a horse on mars
Candidate Score:  33.484287559986115
Top N Candidates of Current Iteration:  ['a photo of an astronaut riding a horse on mars', 'photo of an astronaut riding a horse on Mars of', 'photo a of an astronaut riding a horse on mars of', 'photo of an astronaut riding a horse on Mars an astronaut was it? of of an astronaut riding a horse on mars', "It's a photo a photo is of an astronauts riding a horse an astronaut of", 'a photo an astronaut of an astronaut riding a horse on mars', 'photo a of an astronaut riding a horse on mars', 'photo of an astronaut riding a horse on mars', 'photo a of an astronaut riding a horse on mars', 'photo a of an astronaut riding a horse on mars It a photo is of an astronauts riding a horse an astronaut']
Result Candidate:  a photo of an astronaut riding a horse on mars
Result Score:  50.0
Current Iteration:  5
Base Candidate:  a photo of an astronaut riding a horse on mars
Base Score:  50.0
['swap']
['sub']
Error occurs (parser) and skip this mutation
['sub']
Error occurs (parser) and skip this mutation
['swap']
Error occurs (parser) and skip this mutation
Candidate:  photo a of an astronaut riding a horse on mars
Candidate Score:  22.931813821196556
['swap']
Error occurs (parser) and skip this mutation
['sub']
Error occurs (parser) and skip this mutation
Candidate:  photo a of an astronaut riding a horse on mars
Candidate Score:  53.22946906089783
['del']
Error occurs (parser) and skip this mutation
['del']
['del']
Error occurs (parser) and skip this mutation
Candidate:  a of riding a horse on mars of
Candidate Score:  12.021845579147339
['swap']
['del']
Error occurs (parser) and skip this mutation
['del']
Error occurs (parser) and skip this mutation
['swap']
['sub']
Error occurs (parser) and skip this mutation
Candidate:  It is of an astronauts riding a horse an astronaut
Candidate Score:  20.442250929772854
['swap']
Error occurs (parser) and skip this mutation
['swap']
['sub']
Error occurs (parser) and skip this mutation
Error occurs (parser) and skip this mutation
Candidate:  It riding an astronaut of a horse on mars
Candidate Score:  41.31488800048828
['swap']
['sub']
Error occurs (parser) and skip this mutation
['swap']
Error occurs (parser) and skip this mutation
['del']
Error occurs (parser) and skip this mutation
Candidate:  photo a a
Candidate Score:  0.20991224446333945
['sub']
['sub']
Error occurs (parser) and skip this mutation
['sub']
['swap']
Error occurs (parser) and skip this mutation
Candidate:  A photo is being taken of an astronaut The person is riding a horse on Mars of of
Candidate Score:  10.572854429483414
['sub']
Error occurs (parser) and skip this mutation
['del']
['del']
Error occurs (parser) and skip this mutation
Candidate:  a There is a photo of an astronaut riding a horse on Mars
Candidate Score:  25.204438716173172
['sub']
Error occurs (parser) and skip this mutation
Candidate:  photo of an astronaut There is a person on a riding a horse on mars It was of an astronaut riding a horse on mars
Candidate Score:  37.32162043452263
['swap']
['swap']
Error occurs (parser) and skip this mutation
['sub']
['del']
Note: The mutated candidate is an empty string, and it is deleted.
['sub']
['swap']
Candidate:  photo This is of of an astronaut riding a horse on mars A horse is being ridden by an astronauts on mars an astronaut riding a horse of
Candidate Score:  45.49140930175781
Top N Candidates of Current Iteration:  ['photo a of an astronaut riding a horse on mars', 'a photo of an astronaut riding a horse on mars', 'photo of an astronaut riding a horse on Mars of', 'photo a of an astronaut riding a horse on mars of', 'photo This is of of an astronaut riding a horse on mars A horse is being ridden by an astronauts on mars an astronaut riding a horse of', 'It riding an astronaut of a horse on mars', 'photo of an astronaut riding a horse on Mars an astronaut was it? of of an astronaut riding a horse on mars', 'photo of an astronaut There is a person on a riding a horse on mars It was of an astronaut riding a horse on mars', "It's a photo a photo is of an astronauts riding a horse an astronaut of", 'a photo an astronaut of an astronaut riding a horse on mars']
Result Candidate:  photo a of an astronaut riding a horse on mars
Result Score:  53.22946906089783
Current Iteration:  6
Base Candidate:  photo a of an astronaut riding a horse on mars
Base Score:  53.22946906089783
Error occurs (parser) and skip this mutation
Error occurs (parser) and skip this mutation
['swap']
Error occurs (parser) and skip this mutation
['sub']
Candidate:  This photo is of a person of an astronaut A person is riding a horse on mars
Candidate Score:  20.730164647102356
Error occurs (parser) and skip this mutation
['del']
['swap']
Error occurs (parser) and skip this mutation
Candidate:  The photo was taken is A horse is being ridden by an astronauts on mars an astronaut riding a horse of
Candidate Score:  10.421863943338394
['sub']
['sub']
Error occurs (parser) and skip this mutation
['sub']
['swap']
Error occurs (parser) and skip this mutation
Candidate:  That's right photo of an astronaut riding There is a horse on mars is It on a riding a horse on mars a person was of an astronaut riding a horse on mars
Candidate Score:  6.565895862877369
['del']
['swap']
Error occurs (parser) and skip this mutation
['del']
Error occurs (parser) and skip this mutation
['del']
Error occurs (parser) and skip this mutation
Candidate:  a's a photo a photo is of an astronauts riding a horse an astronaut of
Candidate Score:  10.853103920817375
['sub']
['swap']
Error occurs (parser) and skip this mutation
['swap']
Error occurs (parser) and skip this mutation
Error occurs (parser) and skip this mutation
['swap']
Error occurs (parser) and skip this mutation
Candidate:  The photo is of a person
Candidate Score:  0.2065132837742567
['swap']
['swap']
['del']
Note: The mutated candidate is an empty string, and it is deleted.
['del']
Note: The mutated candidate is an empty string, and it is deleted.
['swap']
['del']
['sub']
Candidate:  photo a riding an astronaut of a horse on mars an astronaut riding a horse on mars of An individual who is an individual who is a person who is a person who is a person who is a person who is a person who is a person who is a person who is a person who is a person who is a person who is a person who is a person who is a person riding a horse on mars
Candidate Score:  23.338186368346214
['del']
['sub']
Error occurs (parser) and skip this mutation
Candidate:  a an astronaut"s a photo a photo is of an astronauts riding a horse an astronaut of is a person on a riding a horse on mars It was of an astronaut riding a horse on mars
Candidate Score:  15.79478234052658
['sub']
Error occurs (parser) and skip this mutation
['swap']
['del']
Error occurs (parser) and skip this mutation
Candidate:  There is a picture of an astronauts riding a horse a of an astronaut on mars of a horse riding
Candidate Score:  14.495493099093437
['del']
Error occurs (parser) and skip this mutation
['swap']
Error occurs (parser) and skip this mutation
Error occurs (parser) and skip this mutation
Error occurs (parser) and skip this mutation
Candidate:  It
Candidate Score:  0.20451179589144886
['del']
Error occurs (parser) and skip this mutation
['sub']
Error occurs (parser) and skip this mutation
['sub']
Error occurs (parser) and skip this mutation
Candidate:  There is a photo of an astronauts on a horse The astronauts are riding a horse
Candidate Score:  8.966390788555145
Top N Candidates of Current Iteration:  ['photo a of an astronaut riding a horse on mars', 'a photo of an astronaut riding a horse on mars', 'photo of an astronaut riding a horse on Mars of', 'photo a of an astronaut riding a horse on mars of', 'photo This is of of an astronaut riding a horse on mars A horse is being ridden by an astronauts on mars an astronaut riding a horse of', 'It riding an astronaut of a horse on mars', 'photo of an astronaut riding a horse on Mars an astronaut was it? of of an astronaut riding a horse on mars', 'photo of an astronaut There is a person on a riding a horse on mars It was of an astronaut riding a horse on mars', "It's a photo a photo is of an astronauts riding a horse an astronaut of", 'a photo an astronaut of an astronaut riding a horse on mars']
Result Candidate:  photo a of an astronaut riding a horse on mars
Result Score:  53.22946906089783
Current Iteration:  7
Base Candidate:  photo a of an astronaut riding a horse on mars
Base Score:  53.22946906089783
['sub']
['sub']
Error occurs (parser) and skip this mutation
Candidate:  There is a photo's a photo a photo There is an astronauts riding a horse of an astronaut riding a horse on mars of
Candidate Score:  18.010829761624336
['swap']
['swap']
Error occurs (parser) and skip this mutation
Candidate:  photo is is being ridden by an astronauts on mars an astronaut riding a horse of A horse of of an astronaut riding a horse on mars of an astronaut You are riding a horse on mars
Candidate Score:  45.79785764217377
['del']
Note: The mutated candidate is an empty string, and it is deleted.
['swap']
['del']
Error occurs (parser) and skip this mutation
['sub']
Error occurs (parser) and skip this mutation
['swap']
Error occurs (parser) and skip this mutation
['swap']
Error occurs (parser) and skip this mutation
Candidate:  photo
Candidate Score:  0.1745974412187934
Error occurs (parser) and skip this mutation
Error occurs (parser) and skip this mutation
Candidate:  A photo of something of An individual who is an individual who is an individual who is an individual who is an individual who is an individual who is an individual who is an individual who is an individual who is an individual who is an individual who is an individual who is an individual who is an individual that is an individual is of of an astronaut riding a horse on mars A horse is outdoors is being ridden by an astronauts on mars an astronaut riding a horse of
Candidate Score:  14.731419831514359
['swap']
['del']
Error occurs (parser) and skip this mutation
['del']
Error occurs (parser) and skip this mutation
Candidate:  photo is of of an astronaut riding a horse on mars A horse being ridden by an astronauts on mars an astronaut riding a horse of It was of of
Candidate Score:  45.53816616535187
['sub']
['sub']
['sub']
Candidate:  photo of An individual who is an individual who is an individual who is an individual who is an individual who is an individual who is an individual who is an individual who is an individual who is an individual who is an individual who is an individual who is an individual who is an individual that is an individual of an astronaut riding A horse on Mars of of an astronaut riding a horse On mars
Candidate Score:  10.247056651860476
['swap']
['sub']
['del']
['swap']
['del']
Error occurs (parser) and skip this mutation
Candidate:  photo This Is that was? it of an astronaut riding a horse of an astronaut riding on mars a horse
Candidate Score:  28.76455709338188
['del']
Error occurs (parser) and skip this mutation
['swap']
Error occurs (parser) and skip this mutation
['swap']
Error occurs (parser) and skip this mutation
Candidate:  photo it
Candidate Score:  0.12334496714174747
['del']
['sub']
Error occurs (parser) and skip this mutation
['del']
Error occurs (parser) and skip this mutation
['del']
Error occurs (parser) and skip this mutation
Candidate:  a's a photo a photo An astronauts rides a horse
Candidate Score:  19.66833770275116
['swap']
['del']
Note: The mutated candidate is an empty string, and it is deleted.
['del']
Note: The mutated candidate is an empty string, and it is deleted.
['sub']
['sub']
Error occurs (parser) and skip this mutation
Candidate:  It is an astronaut of is of of an astronaut riding a horse on mars A horse is being ridden by an astronauts on mars an astronaut riding a horse of That is of
Candidate Score:  46.46659642457962
Top N Candidates of Current Iteration:  ['photo a of an astronaut riding a horse on mars', 'a photo of an astronaut riding a horse on mars', 'photo of an astronaut riding a horse on Mars of', 'photo a of an astronaut riding a horse on mars of', 'It is an astronaut of is of of an astronaut riding a horse on mars A horse is being ridden by an astronauts on mars an astronaut riding a horse of That is of', 'photo is is being ridden by an astronauts on mars an astronaut riding a horse of A horse of of an astronaut riding a horse on mars of an astronaut You are riding a horse on mars', 'photo is of of an astronaut riding a horse on mars A horse being ridden by an astronauts on mars an astronaut riding a horse of It was of of', 'photo This is of of an astronaut riding a horse on mars A horse is being ridden by an astronauts on mars an astronaut riding a horse of', 'It riding an astronaut of a horse on mars', 'photo of an astronaut riding a horse on Mars an astronaut was it? of of an astronaut riding a horse on mars']
Result Candidate:  photo a of an astronaut riding a horse on mars
Result Score:  53.22946906089783
Current Iteration:  8
Base Candidate:  photo a of an astronaut riding a horse on mars
Base Score:  53.22946906089783
['sub']
Error occurs (parser) and skip this mutation
['swap']
['sub']
['sub']
Error occurs (parser) and skip this mutation
Candidate:  There is a photo of an astronauts on a horse being ridden by an astronauts on mars an astronaut riding a horse of A horse of of an astronaut riding a horse on mars of an astronaut You are riding a horse on mars is That's about it
Candidate Score:  38.28487545251846
['swap']
Error occurs (parser) and skip this mutation
['sub']
['sub']
Error occurs (parser) and skip this mutation
['sub']
Error occurs (parser) and skip this mutation
Candidate:  It's what it is of an astronaut riding A horse is outside on Mars of
Candidate Score:  13.806269690394402
['sub']
Error occurs (parser) and skip this mutation
['sub']
Error occurs (parser) and skip this mutation
Error occurs (parser) and skip this mutation
Candidate:  photo
Candidate Score:  0.23280204040929675
['swap']
Error occurs (parser) and skip this mutation
Candidate:  That's it of an astronaut riding a horse on mars of
Candidate Score:  19.659210368990898
['del']
Note: The mutated candidate is an empty string, and it is deleted.
['del']
Note: The mutated candidate is an empty string, and it is deleted.
['swap']
['swap']
Error occurs (parser) and skip this mutation
Error occurs (parser) and skip this mutation
Error occurs (parser) and skip this mutation
Candidate:  photo is being ridden by an astronauts on mars an astronaut riding a horse of A horse of of an astronaut riding a horse on mars of an astronaut You are riding a horse on mars
Candidate Score:  48.40368330478668
['swap']
['del']
Error occurs (parser) and skip this mutation
['del']
Error occurs (parser) and skip this mutation
Candidate:  photo is of of an astronaut riding a horse on mars A horse being ridden by an astronauts on mars an astronaut riding a horse of It was of of
Candidate Score:  55.626705288887024
['sub']
['del']
Error occurs (parser) and skip this mutation
['del']
['sub']
Error occurs (parser) and skip this mutation
Candidate:  A photo is being taken of an astronaut riding on Mars of
Candidate Score:  16.634435206651688
['swap']
Error occurs (parser) and skip this mutation
['sub']
['swap']
Error occurs (parser) and skip this mutation
['sub']
Error occurs (parser) and skip this mutation
Candidate:  A photo Is that true being ridden by an astronauts on mars an astronaut riding a horse of A horse of of an astronaut riding a horse on mars of an astronaut You are riding a horse on mars
Candidate Score:  27.40916758775711
Error occurs (parser) and skip this mutation
['swap']
Error occurs (parser) and skip this mutation
['swap']
Error occurs (parser) and skip this mutation
Candidate:  photo is a
Candidate Score:  0.345373316667974
['swap']
['sub']
Error occurs (parser) and skip this mutation
Error occurs (parser) and skip this mutation
Candidate:  photo It was of of of an astronaut riding a horse on mars
Candidate Score:  33.87523293495178
Top N Candidates of Current Iteration:  ['photo is of of an astronaut riding a horse on mars A horse being ridden by an astronauts on mars an astronaut riding a horse of It was of of', 'photo a of an astronaut riding a horse on mars', 'a photo of an astronaut riding a horse on mars', 'photo of an astronaut riding a horse on Mars of', 'photo is being ridden by an astronauts on mars an astronaut riding a horse of A horse of of an astronaut riding a horse on mars of an astronaut You are riding a horse on mars', 'photo a of an astronaut riding a horse on mars of', 'It is an astronaut of is of of an astronaut riding a horse on mars A horse is being ridden by an astronauts on mars an astronaut riding a horse of That is of', 'photo is is being ridden by an astronauts on mars an astronaut riding a horse of A horse of of an astronaut riding a horse on mars of an astronaut You are riding a horse on mars', 'photo is of of an astronaut riding a horse on mars A horse being ridden by an astronauts on mars an astronaut riding a horse of It was of of', 'photo This is of of an astronaut riding a horse on mars A horse is being ridden by an astronauts on mars an astronaut riding a horse of']
Result Candidate:  photo is of of an astronaut riding a horse on mars A horse being ridden by an astronauts on mars an astronaut riding a horse of It was of of
Result Score:  55.626705288887024
Current Iteration:  9
Base Candidate:  photo is of of an astronaut riding a horse on mars A horse being ridden by an astronauts on mars an astronaut riding a horse of It was of of
Base Score:  55.626705288887024
['sub']
['del']
Error occurs (parser) and skip this mutation
['del']
['swap']
Error occurs (parser) and skip this mutation
Error occurs (parser) and skip this mutation
Candidate:  The photo is a picture is
Candidate Score:  0.3585387486964464
['swap']
['del']
Error occurs (parser) and skip this mutation
Candidate:  photo is a of an astronaut riding a horse on mars
Candidate Score:  42.34759882092476
['sub']
['sub']
Candidate:  A photo of an astronaut riding a horse On mars
Candidate Score:  31.851673871278763
['del']
Note: The mutated candidate is an empty string, and it is deleted.
['del']
Note: The mutated candidate is an empty string, and it is deleted.
['swap']
['del']
Error occurs (parser) and skip this mutation
Error occurs (parser) and skip this mutation
Candidate:  photo a of an astronaut riding a horse on mars Is that right? being ridden by an astronauts on mars an astronaut riding a horse of A horse of of an astronaut riding a horse on mars of an astronaut You are riding a horse on mars
Candidate Score:  16.66679084300995
['sub']
['del']
Note: The mutated candidate is an empty string, and it is deleted.
['sub']
['swap']
Error occurs (parser) and skip this mutation
Error occurs (parser) and skip this mutation
Candidate:  It is That's right, a
Candidate Score:  0.40249174926429987
Error occurs (parser) and skip this mutation
['swap']
Error occurs (parser) and skip this mutation
['sub']
Error occurs (parser) and skip this mutation
Candidate:  This is a photo that has been taken
Candidate Score:  0.10919771739281714
['sub']
['swap']
Error occurs (parser) and skip this mutation
['swap']
['sub']
Error occurs (parser) and skip this mutation
Candidate:  There is a photo of a horse riding an astronaut on mars
Candidate Score:  11.5114014595747
['swap']
['swap']
Error occurs (parser) and skip this mutation
['del']
['sub']
Error occurs (parser) and skip this mutation
['del']
Error occurs (parser) and skip this mutation
Candidate:  photo of of an astronaut riding a horse on mars A horse being ridden by an astronauts on mars an astronaut riding a horse of It was of of
Candidate Score:  14.459068328142166
['del']
Error occurs (parser) and skip this mutation
Error occurs (parser) and skip this mutation
Candidate:  It
Candidate Score:  0.393871427513659
['del']
Note: The mutated candidate is an empty string, and it is deleted.
['del']
Note: The mutated candidate is an empty string, and it is deleted.
['swap']
['swap']
['swap']
Error occurs (parser) and skip this mutation
['del']
Error occurs (parser) and skip this mutation
Candidate:  photo a is of of an astronaut riding a horse on mars A horse being ridden by an astronauts on mars an astronaut riding a horse of It was of of
Candidate Score:  39.635783433914185
Top N Candidates of Current Iteration:  ['photo is of of an astronaut riding a horse on mars A horse being ridden by an astronauts on mars an astronaut riding a horse of It was of of', 'photo a of an astronaut riding a horse on mars', 'a photo of an astronaut riding a horse on mars', 'photo of an astronaut riding a horse on Mars of', 'photo is being ridden by an astronauts on mars an astronaut riding a horse of A horse of of an astronaut riding a horse on mars of an astronaut You are riding a horse on mars', 'photo a of an astronaut riding a horse on mars of', 'It is an astronaut of is of of an astronaut riding a horse on mars A horse is being ridden by an astronauts on mars an astronaut riding a horse of That is of', 'photo is is being ridden by an astronauts on mars an astronaut riding a horse of A horse of of an astronaut riding a horse on mars of an astronaut You are riding a horse on mars', 'photo is of of an astronaut riding a horse on mars A horse being ridden by an astronauts on mars an astronaut riding a horse of It was of of', 'photo This is of of an astronaut riding a horse on mars A horse is being ridden by an astronauts on mars an astronaut riding a horse of']
Result Candidate:  photo is of of an astronaut riding a horse on mars A horse being ridden by an astronauts on mars an astronaut riding a horse of It was of of
Result Score:  55.626705288887024
Current Iteration:  10
Base Candidate:  photo is of of an astronaut riding a horse on mars A horse being ridden by an astronauts on mars an astronaut riding a horse of It was of of
Base Score:  55.626705288887024
['swap']
['del']
Error occurs (parser) and skip this mutation
['sub']
Error occurs (parser) and skip this mutation
Error occurs (parser) and skip this mutation
Candidate:  photo There is a
Candidate Score:  0.12749579036608338
['del']
Note: The mutated candidate is an empty string, and it is deleted.
['swap']
Error occurs (parser) and skip this mutation
Error occurs (parser) and skip this mutation
['swap']
Error occurs (parser) and skip this mutation
Candidate:  photo a of an astronaut riding a horse on mars of An individual who is an individual who is a person who is an individual who is an individual who is an individual who is an individual who is an individual who is an individual who is an individual who is an individual who is an individual who is an individual who is an individual who is an individual riding a horse on Mars of
Candidate Score:  44.43286061286926
['swap']
Error occurs (parser) and skip this mutation
['del']
Error occurs (parser) and skip this mutation
['sub']
Error occurs (parser) and skip this mutation
Candidate:  photo a of an astronaut riding a horse on mars is
Candidate Score:  56.1526745557785
['sub']
Error occurs (parser) and skip this mutation
['del']
Error occurs (parser) and skip this mutation
Error occurs (parser) and skip this mutation
Candidate:  There is a photo is is of of an astronaut riding a horse on mars A horse is being ridden by an astronauts on mars an astronaut riding a horse of
Candidate Score:  40.432341396808624
Error occurs (parser) and skip this mutation
Error occurs (parser) and skip this mutation
['del']
Error occurs (parser) and skip this mutation
Candidate:  A photo of an astronaut riding a horse on Mars of
Candidate Score:  33.04716348648071
['del']
Error occurs (parser) and skip this mutation
['swap']
Error occurs (parser) and skip this mutation
['sub']
Error occurs (parser) and skip this mutation
Candidate:  photo a horse an astronaut riding of on Mars a horse
Candidate Score:  27.6690810918808
['swap']
['sub']
Error occurs (parser) and skip this mutation
['sub']
Error occurs (parser) and skip this mutation
['del']
Error occurs (parser) and skip this mutation
Candidate:  photo a of an astronaut riding A horse on Mars of
Candidate Score:  28.397056460380554
['sub']
['del']
Error occurs (parser) and skip this mutation
['sub']
Error occurs (parser) and skip this mutation
['swap']
Error occurs (parser) and skip this mutation
Candidate:  A photo is being taken is
Candidate Score:  0.31299523543566465
['sub']
['swap']
['del']
Error occurs (parser) and skip this mutation
Candidate:  The photo is a picture a of of an astronaut riding a horse on mars A horse being ridden by an astronauts on mars an astronaut riding a horse of It was of of is
Candidate Score:  29.17313277721405
['swap']
['del']
Error occurs (parser) and skip this mutation
Error occurs (parser) and skip this mutation
Error occurs (parser) and skip this mutation
Candidate:  photo Is that? of of an astronaut riding a horse on mars A horse being ridden by an astronauts on mars an astronaut riding a horse of It was of of
Candidate Score:  49.754033982753754
Top N Candidates of Current Iteration:  ['photo a of an astronaut riding a horse on mars is', 'photo is of of an astronaut riding a horse on mars A horse being ridden by an astronauts on mars an astronaut riding a horse of It was of of', 'photo a of an astronaut riding a horse on mars', 'a photo of an astronaut riding a horse on mars', 'photo of an astronaut riding a horse on Mars of', 'photo Is that? of of an astronaut riding a horse on mars A horse being ridden by an astronauts on mars an astronaut riding a horse of It was of of', 'photo is being ridden by an astronauts on mars an astronaut riding a horse of A horse of of an astronaut riding a horse on mars of an astronaut You are riding a horse on mars', 'photo a of an astronaut riding a horse on mars of', 'It is an astronaut of is of of an astronaut riding a horse on mars A horse is being ridden by an astronauts on mars an astronaut riding a horse of That is of', 'photo is is being ridden by an astronauts on mars an astronaut riding a horse of A horse of of an astronaut riding a horse on mars of an astronaut You are riding a horse on mars']
Result Candidate:  photo a of an astronaut riding a horse on mars is
Result Score:  56.1526745557785
Final_Result Candidate:  photo a of an astronaut riding a horse on mars is
Final_Result Score:  56.1526745557785
