Original Candidate:	  Illustrate the sensation of falling in love as if it were a series of weather patterns unfolding across an expansive landscape
Original Score:	  50.0

====================Current Iteration: 1
Base Candidate: Illustrate the sensation of falling in love as if it were a series of weather patterns unfolding across an expansive landscape
Base Score: 50.0
['swap' 'sub' 'swap' 'sub' 'sub' 'sub' 'swap' 'swap' 'sub' 'swap']
Candidate: Illustrate the sensation of falling in love as if it were a series of weather patterns unfolding across an expansive landscape
Ave_Score: 57.17340111732483
Candidate: Show the sensation of falling in love as if it were a series of weather patterns unfolding across the landscape
Ave_Score: 49.06063675880432
Candidate: Illustrate the sensation of falling in love as if it were a series of weather patterns unfolding across an expansive landscape
Ave_Score: 60.26434600353241
Candidate: Show the sensation of falling in love as if it were a series of weather patterns unfolding across the landscape
Ave_Score: 40.34017324447632
Candidate: Illustrate the sensation of falling in love as if it were a series of weather patterns unfolding
Ave_Score: 54.69792187213898
Candidate: Illustrate the sensation of falling in love as if it were a series of weather patterns unfolding
Ave_Score: 52.90832072496414
Candidate: Illustrate the sensation of falling in love as if it were a series of weather patterns unfolding across an expansive landscape
Ave_Score: 61.393484473228455
Candidate: Illustrate the sensation of falling in love as if it were a series of weather patterns unfolding across an expansive landscape
Ave_Score: 69.66106295585632
Candidate: Illustrate the sensation of falling in love as if it were a series of weather patterns unfolding across the landscape
Ave_Score: 57.86690711975098
Candidate: Illustrate the sensation of falling in love as if it were a series of weather patterns unfolding across an expansive landscape
Ave_Score: 70.04826962947845
Per_curr_iteration_best_candidate: Illustrate the sensation of falling in love as if it were a series of weather patterns unfolding across an expansive landscape
Per_curr_iteration_best_score: 70.04826962947845
Result_candidate: Illustrate the sensation of falling in love as if it were a series of weather patterns unfolding across an expansive landscape
Result_score: 70.04826962947845
====================Current Iteration: 2
Base Candidate: Illustrate the sensation of falling in love as if it were a series of weather patterns unfolding across an expansive landscape
Base Score: 70.04826962947845
['sub' 'sub' 'swap' 'swap' 'sub' 'swap' 'sub' 'swap' 'del' 'swap']
Note: The mutated candidate is an empty string, and it is deleted.
Candidate: Illustrate the feeling of falling in love as if it were a series of weather patterns unfolding across the landscape
Ave_Score: 66.16498529911041
Candidate: Illustrate the sensation of falling in love as if it were a series of weather patterns in the landscape
Ave_Score: 43.3332160115242
Candidate: Illustrate the sensation of falling in love as if it were a series of weather patterns unfolding across an expansive landscape
Ave_Score: 59.04707610607147
Candidate: Illustrate the sensation of falling in love as if it were a series of weather patterns unfolding across an expansive landscape
Ave_Score: 66.00615978240967
Candidate: Illustrate the sensation of falling in love as if it were a series of weather patterns
Ave_Score: 55.789077281951904
Candidate: Illustrate the sensation of falling in love as if it were a series of weather patterns unfolding across an expansive landscape
Ave_Score: 49.848827719688416
Candidate: Illustrate the feeling of falling in love as if it were a series of weather patterns
Ave_Score: 67.73553490638733
Candidate: Illustrate the sensation of falling in love as if it were a series of weather patterns unfolding across an expansive landscape
Ave_Score: 60.89772880077362
Candidate: Illustrate the sensation of falling in love as if it were a series of weather patterns unfolding across an expansive landscape
Ave_Score: 51.45224928855896
Per_curr_iteration_best_candidate: Illustrate the feeling of falling in love as if it were a series of weather patterns
Per_curr_iteration_best_score: 67.73553490638733
====================Current Iteration: 3
Base Candidate: Illustrate the sensation of falling in love as if it were a series of weather patterns unfolding across an expansive landscape
Base Score: 70.04826962947845
['sub' 'swap' 'sub' 'sub' 'del' 'swap' 'swap' 'swap' 'del' 'del']
Note: The mutated candidate is an empty string, and it is deleted.
Note: The mutated candidate is an empty string, and it is deleted.
Note: The mutated candidate is an empty string, and it is deleted.
['del' 'swap' 'sub' 'sub' 'swap' 'swap' 'del' 'sub' 'del' 'sub']
Note: The mutated candidate is an empty string, and it is deleted.
Note: The mutated candidate is an empty string, and it is deleted.
Note: The mutated candidate is an empty string, and it is deleted.
Candidate: Illustrate the sensation of falling in love as if it were a series of weather patterns unfolding across an expansive landscape
Ave_Score: 56.04332685470581
Candidate: Illustrate the sensation of falling in love as if it were a series of weather patterns unfolding
Ave_Score: 49.77313578128815
Candidate: Illustrate the sensation of falling in love as if it were a series of weather patterns in the sky
Ave_Score: 49.94466304779053
Candidate: Illustrate the sensation of falling in love as if it were a series of weather patterns unfolding across an expansive landscape
Ave_Score: 60.445281863212585
Candidate: Illustrate the sensation of falling in love as if it were a series of weather patterns unfolding across an expansive landscape
Ave_Score: 59.28197205066681
Candidate: Illustrate the sensation of falling in love as if it were a series of weather patterns unfolding across the landscape
Ave_Score: 54.527902603149414
Candidate: Illustrate the feeling of falling in love as if it were a series of weather patterns
Ave_Score: 70.24077475070953
Per_curr_iteration_best_candidate: Illustrate the feeling of falling in love as if it were a series of weather patterns
Per_curr_iteration_best_score: 70.24077475070953
Result_candidate: Illustrate the feeling of falling in love as if it were a series of weather patterns
Result_score: 70.24077475070953
====================Current Iteration: 4
Base Candidate: Illustrate the feeling of falling in love as if it were a series of weather patterns
Base Score: 70.24077475070953
['del' 'swap' 'swap' 'sub' 'swap' 'del' 'sub' 'del' 'del' 'sub']
Note: The mutated candidate is an empty string, and it is deleted.
Note: The mutated candidate is an empty string, and it is deleted.
Note: The mutated candidate is an empty string, and it is deleted.
Note: The mutated candidate is an empty string, and it is deleted.
Candidate: Illustrate the feeling of falling in love as if it were a series of weather patterns
Ave_Score: 60.33569872379303
Candidate: Illustrate the feeling of falling in love as if it were a series of weather patterns
Ave_Score: 63.820987939834595
Candidate: As if it were a series of weather patterns, illustrate the feeling of falling in love
Ave_Score: 68.0416464805603
Candidate: Illustrate the feeling of falling in love as if it were a series of weather patterns
Ave_Score: 68.82672011852264
Candidate: Show the feeling of falling in love as if it were a series of weather patterns
Ave_Score: 41.228288412094116
Candidate: As if it were a series of weather patterns, illustrate the feeling of falling in love
Ave_Score: 60.08160412311554
Per_curr_iteration_best_candidate: Illustrate the feeling of falling in love as if it were a series of weather patterns
Per_curr_iteration_best_score: 68.82672011852264
====================Current Iteration: 5
Base Candidate: Illustrate the feeling of falling in love as if it were a series of weather patterns
Base Score: 70.24077475070953
['sub' 'del' 'swap' 'sub' 'sub' 'del' 'sub' 'swap' 'sub' 'del']
Note: The mutated candidate is an empty string, and it is deleted.
Note: The mutated candidate is an empty string, and it is deleted.
Note: The mutated candidate is an empty string, and it is deleted.
['sub' 'del' 'del' 'del' 'del' 'sub' 'del' 'del' 'sub' 'swap']
Note: The mutated candidate is an empty string, and it is deleted.
Note: The mutated candidate is an empty string, and it is deleted.
Note: The mutated candidate is an empty string, and it is deleted.
Note: The mutated candidate is an empty string, and it is deleted.
Note: The mutated candidate is an empty string, and it is deleted.
Note: The mutated candidate is an empty string, and it is deleted.
Candidate: Illustrate the feeling of falling in love as if it were a bunch of weather patterns
Ave_Score: 73.8623172044754
Candidate: The feeling of falling in love is depicted as if it were a series of weather patterns
Ave_Score: 61.35704219341278
Candidate: Illustrate the feeling of falling in love, as if it were a series of weather patterns
Ave_Score: 63.95344436168671
Candidate: Illustrate the feeling of falling in love as if it were a series of weather patterns
Ave_Score: 63.905104994773865
Per_curr_iteration_best_candidate: Illustrate the feeling of falling in love as if it were a bunch of weather patterns
Per_curr_iteration_best_score: 73.8623172044754
Result_candidate: Illustrate the feeling of falling in love as if it were a bunch of weather patterns
Result_score: 73.8623172044754
====================Current Iteration: 6
Base Candidate: Illustrate the feeling of falling in love as if it were a bunch of weather patterns
Base Score: 73.8623172044754
['del' 'sub' 'sub' 'swap' 'sub' 'swap' 'del' 'del' 'sub' 'sub']
Note: The mutated candidate is an empty string, and it is deleted.
Note: The mutated candidate is an empty string, and it is deleted.
Note: The mutated candidate is an empty string, and it is deleted.
Candidate: Illustrate the feeling of falling in love as if it were a bunch of weather patterns
Ave_Score: 74.39577579498291
Candidate: Illustrate the feelings of falling in love as if it were a bunch of weather patterns
Ave_Score: 68.8225656747818
Candidate: Illustrate the feeling of falling in love as if it were a bunch of weather patterns
Ave_Score: 63.1258487701416
Candidate: Illustrate the feeling of falling in love as if it were a bunch of weather patterns
Ave_Score: 64.90643620491028
Candidate: Illustrate the feeling of falling in love as if it were a bunch of weather patterns
Ave_Score: 73.11338782310486
Candidate: Show the feeling of falling in love as if it were a bunch of weather patterns
Ave_Score: 62.45657801628113
Candidate: Illustrate the feeling of falling in love as if it were a bunch of weather patterns
Ave_Score: 72.68723547458649
Per_curr_iteration_best_candidate: Illustrate the feeling of falling in love as if it were a bunch of weather patterns
Per_curr_iteration_best_score: 74.39577579498291
Result_candidate: Illustrate the feeling of falling in love as if it were a bunch of weather patterns
Result_score: 74.39577579498291
====================Current Iteration: 7
Base Candidate: Illustrate the feeling of falling in love as if it were a bunch of weather patterns
Base Score: 74.39577579498291
['sub' 'sub' 'swap' 'sub' 'sub' 'swap' 'sub' 'sub' 'swap' 'del']
Note: The mutated candidate is an empty string, and it is deleted.
['swap' 'del' 'del' 'del' 'swap' 'sub' 'del' 'sub' 'sub' 'sub']
Note: The mutated candidate is an empty string, and it is deleted.
Note: The mutated candidate is an empty string, and it is deleted.
Note: The mutated candidate is an empty string, and it is deleted.
Note: The mutated candidate is an empty string, and it is deleted.
Candidate: Illustrate the feeling of falling in love as if it were a bunch of weather patterns
Ave_Score: 63.531506061553955
Candidate: Illustrate the feeling of falling in love as if it were a bunch of weather patterns
Ave_Score: 68.18626821041107
Candidate: Illustrate the feeling of falling in love as if it were a bunch of weather patterns
Ave_Score: 68.1756317615509
Candidate: It's like falling in love is like a bunch of weather patterns
Ave_Score: 47.67591804265976
Candidate: Show the feeling of falling in love as if it were a bunch of weather patterns
Ave_Score: 61.99239790439606
Candidate: Illustrate the feelings of falling in love as if it were a bunch of weather patterns
Ave_Score: 61.54167652130127
Per_curr_iteration_best_candidate: Illustrate the feeling of falling in love as if it were a bunch of weather patterns
Per_curr_iteration_best_score: 68.18626821041107
====================Current Iteration: 8
Base Candidate: Illustrate the feeling of falling in love as if it were a bunch of weather patterns
Base Score: 74.39577579498291
['sub' 'sub' 'swap' 'swap' 'sub' 'del' 'sub' 'swap' 'swap' 'swap']
Note: The mutated candidate is an empty string, and it is deleted.
Candidate: It's like falling in love is a bunch of weather patterns
Ave_Score: 45.88118642568588
Candidate: Show the feeling of falling in love as if it were a bunch of weather patterns
Ave_Score: 47.62069582939148
Candidate: Illustrate the feeling of falling in love as if it were a bunch of weather patterns
Ave_Score: 74.7107744216919
Candidate: Illustrate the feeling of falling in love as if it were a bunch of weather patterns
Ave_Score: 61.02416217327118
Candidate: Illustrate the feeling of falling in love as if it were a bunch of weather patterns
Ave_Score: 63.06883096694946
Candidate: Show the feeling of falling in love as if it were a bunch of weather patterns
Ave_Score: 49.87202435731888
Candidate: Illustrate the feeling of falling in love as if it were a bunch of weather patterns
Ave_Score: 76.61796808242798
Candidate: Illustrate the feeling of falling in love as if it were a bunch of weather patterns
Ave_Score: 54.68848943710327
Candidate: Illustrate the feeling of falling in love as if it were a bunch of weather patterns
Ave_Score: 64.5302951335907
Per_curr_iteration_best_candidate: Illustrate the feeling of falling in love as if it were a bunch of weather patterns
Per_curr_iteration_best_score: 76.61796808242798
Result_candidate: Illustrate the feeling of falling in love as if it were a bunch of weather patterns
Result_score: 76.61796808242798
====================Current Iteration: 9
Base Candidate: Illustrate the feeling of falling in love as if it were a bunch of weather patterns
Base Score: 76.61796808242798
['del' 'swap' 'swap' 'del' 'del' 'swap' 'sub' 'swap' 'swap' 'del']
Note: The mutated candidate is an empty string, and it is deleted.
Note: The mutated candidate is an empty string, and it is deleted.
Note: The mutated candidate is an empty string, and it is deleted.
Note: The mutated candidate is an empty string, and it is deleted.
['del' 'swap' 'del' 'del' 'swap' 'swap' 'sub' 'del' 'swap' 'del']
Note: The mutated candidate is an empty string, and it is deleted.
Note: The mutated candidate is an empty string, and it is deleted.
Note: The mutated candidate is an empty string, and it is deleted.
Note: The mutated candidate is an empty string, and it is deleted.
Note: The mutated candidate is an empty string, and it is deleted.
['sub' 'swap' 'del' 'swap' 'sub' 'sub' 'swap' 'del' 'del' 'del']
Note: The mutated candidate is an empty string, and it is deleted.
Note: The mutated candidate is an empty string, and it is deleted.
Note: The mutated candidate is an empty string, and it is deleted.
Note: The mutated candidate is an empty string, and it is deleted.
['sub' 'sub' 'del' 'sub' 'del' 'del' 'sub' 'del' 'del' 'sub']
Note: The mutated candidate is an empty string, and it is deleted.
Note: The mutated candidate is an empty string, and it is deleted.
Note: The mutated candidate is an empty string, and it is deleted.
Note: The mutated candidate is an empty string, and it is deleted.
Note: The mutated candidate is an empty string, and it is deleted.
Candidate: Show the feeling of falling in love as if it were a bunch of weather patterns
Ave_Score: 65.64978063106537
Candidate: Illustrate the feelings of falling in love as if it were a bunch of weather patterns
Ave_Score: 74.91361200809479
Candidate: Illustrate the feeling of falling in love as if it were a bunch of weather patterns
Ave_Score: 66.70061647891998
Candidate: It's like falling in love is like a bunch of weather patterns
Ave_Score: 53.83838415145874
Candidate: Illustrate the feeling of falling in love as if it were a bunch of weather patterns
Ave_Score: 64.3546313047409
Per_curr_iteration_best_candidate: Illustrate the feelings of falling in love as if it were a bunch of weather patterns
Per_curr_iteration_best_score: 74.91361200809479
====================Current Iteration: 10
Base Candidate: Illustrate the feeling of falling in love as if it were a bunch of weather patterns
Base Score: 76.61796808242798
['del' 'swap' 'sub' 'del' 'del' 'sub' 'sub' 'swap' 'del' 'swap']
Note: The mutated candidate is an empty string, and it is deleted.
Note: The mutated candidate is an empty string, and it is deleted.
Note: The mutated candidate is an empty string, and it is deleted.
Note: The mutated candidate is an empty string, and it is deleted.
Candidate: Illustrate the feeling of falling in love as if it were a bunch of weather patterns
Ave_Score: 67.21130609512329
Candidate: Illustrate the feeling of falling in love as if it were a bunch of weather patterns
Ave_Score: 65.08275270462036
Candidate: It's like falling in love is like a bunch of weather patterns
Ave_Score: 51.87956988811493
Candidate: Illustrate the feeling of falling in love as if it were a bunch of weather patterns
Ave_Score: 72.52523601055145
Candidate: Illustrate the feeling of falling in love as if it were a bunch of weather patterns
Ave_Score: 66.29483699798584
Candidate: Illustrate the feeling of falling in love as if it were a bunch of weather patterns
Ave_Score: 77.1051824092865
Per_curr_iteration_best_candidate: Illustrate the feeling of falling in love as if it were a bunch of weather patterns
Per_curr_iteration_best_score: 77.1051824092865
Result_candidate: Illustrate the feeling of falling in love as if it were a bunch of weather patterns
Result_score: 77.1051824092865
Final_Result Candidate: Illustrate the feeling of falling in love as if it were a bunch of weather patterns
Final_Result Score: 77.1051824092865
