Original Candidate:	  Illustrate the sensation of falling in love as if it were a series of weather patterns unfolding across an expansive landscape
Original Score:	  50.0

====================Current Iteration: 1
Base Candidate: Illustrate the sensation of falling in love as if it were a series of weather patterns unfolding across an expansive landscape
Base Score: 50.0
['swap' 'sub' 'swap' 'del' 'sub' 'sub' 'swap' 'sub' 'del' 'sub']
Note: The mutated candidate is an empty string, and it is deleted.
Note: The mutated candidate is an empty string, and it is deleted.
Candidate: Illustrate the sensation of falling in love as if it were a series of weather patterns unfolding across an expansive landscape
Ave_Score: 51.70267969369888
Candidate: Illustrate the sensation of falling in love as if it were a series of weather patterns
Ave_Score: 46.080586314201355
Candidate: Illustrate the sensation of falling in love as if it were a series of weather patterns unfolding across an expansive landscape
Ave_Score: 54.07566577196121
Candidate: Illustrate the sensation of falling in love, as if it were a series of weather patterns unfolding across the landscape
Ave_Score: 50.36841779947281
Candidate: Illustrate the sensation of falling in love as if it were a series of weather patterns
Ave_Score: 59.9853590130806
Candidate: Illustrate the sensation of falling in love as if it were a series of weather patterns unfolding across an expansive landscape
Ave_Score: 54.90197688341141
Candidate: Illustrate the feeling of falling in love as if it were a series of weather patterns
Ave_Score: 67.74349212646484
Candidate: Illustrate the sensation of falling in love as if it were a series of weather patterns in the sky
Ave_Score: 53.982990980148315
Per_curr_iteration_best_candidate: Illustrate the feeling of falling in love as if it were a series of weather patterns
Per_curr_iteration_best_score: 67.74349212646484
Result_candidate: Illustrate the feeling of falling in love as if it were a series of weather patterns
Result_score: 67.74349212646484
====================Current Iteration: 2
Base Candidate: Illustrate the feeling of falling in love as if it were a series of weather patterns
Base Score: 67.74349212646484
['sub' 'swap' 'del' 'del' 'sub' 'del' 'sub' 'del' 'sub' 'swap']
Note: The mutated candidate is an empty string, and it is deleted.
Note: The mutated candidate is an empty string, and it is deleted.
Note: The mutated candidate is an empty string, and it is deleted.
Note: The mutated candidate is an empty string, and it is deleted.
Candidate: Illustrate the feeling of falling in love, as if it were a series of weather patterns
Ave_Score: 63.552528619766235
Candidate: Illustrate the feeling of falling in love as if it were a series of weather patterns
Ave_Score: 63.75765800476074
Candidate: Illustrate the feeling of falling in love as if it were a series of weather patterns
Ave_Score: 59.69691872596741
Candidate: Illustrate the feeling of falling in love as if it were a series of weather patterns
Ave_Score: 66.28388464450836
Candidate: Illustrate the feeling of falling in love as if it were a series of weather patterns
Ave_Score: 56.08808696269989
Candidate: Illustrate the feeling of falling in love as if it were a series of weather patterns
Ave_Score: 62.57386803627014
Per_curr_iteration_best_candidate: Illustrate the feeling of falling in love as if it were a series of weather patterns
Per_curr_iteration_best_score: 66.28388464450836
====================Current Iteration: 3
Base Candidate: Illustrate the feeling of falling in love as if it were a series of weather patterns
Base Score: 67.74349212646484
['del' 'sub' 'del' 'del' 'sub' 'del' 'del' 'swap' 'del' 'del']
Note: The mutated candidate is an empty string, and it is deleted.
Note: The mutated candidate is an empty string, and it is deleted.
Note: The mutated candidate is an empty string, and it is deleted.
Note: The mutated candidate is an empty string, and it is deleted.
Note: The mutated candidate is an empty string, and it is deleted.
Note: The mutated candidate is an empty string, and it is deleted.
Note: The mutated candidate is an empty string, and it is deleted.
['sub' 'sub' 'swap' 'del' 'sub' 'del' 'del' 'sub' 'swap' 'swap']
Note: The mutated candidate is an empty string, and it is deleted.
Note: The mutated candidate is an empty string, and it is deleted.
Note: The mutated candidate is an empty string, and it is deleted.
Candidate: Illustrate the feeling of falling in love as if it were a bunch of weather patterns
Ave_Score: 72.92074859142303
Candidate: Illustrate the feeling of falling in love as if it were a series of weather patterns
Ave_Score: 58.046144247055054
Candidate: Illustrate the feeling of falling in love as if it were a series of weather patterns
Ave_Score: 62.77458965778351
Candidate: Illustrate the feeling of falling in love, as if it were a series of weather patterns
Ave_Score: 53.83852273225784
Candidate: Illustrate the feeling of falling in love as if it was a series of weather patterns
Ave_Score: 58.221206068992615
Candidate: Illustrate the feeling of falling in love as if it were a series of weather patterns
Ave_Score: 54.682084918022156
Candidate: Illustrate the feeling of falling in love as if it were a series of weather patterns
Ave_Score: 51.20268762111664
Per_curr_iteration_best_candidate: Illustrate the feeling of falling in love as if it were a bunch of weather patterns
Per_curr_iteration_best_score: 72.92074859142303
Result_candidate: Illustrate the feeling of falling in love as if it were a bunch of weather patterns
Result_score: 72.92074859142303
====================Current Iteration: 4
Base Candidate: Illustrate the feeling of falling in love as if it were a bunch of weather patterns
Base Score: 72.92074859142303
['del' 'sub' 'sub' 'del' 'swap' 'sub' 'swap' 'del' 'del' 'sub']
Note: The mutated candidate is an empty string, and it is deleted.
Note: The mutated candidate is an empty string, and it is deleted.
Note: The mutated candidate is an empty string, and it is deleted.
Note: The mutated candidate is an empty string, and it is deleted.
Candidate: It's like falling in love with a bunch of weather patterns
Ave_Score: 52.81413346529007
Candidate: Illustrate the feelings of falling in love as if it were a bunch of weather patterns
Ave_Score: 56.04357123374939
Candidate: Illustrate the feeling of falling in love as if it were a bunch of weather patterns
Ave_Score: 53.02844047546387
Candidate: It's like a bunch of weather patterns when you're falling in love
Ave_Score: 36.67397499084473
Candidate: Illustrate the feeling of falling in love as if it were a bunch of weather patterns
Ave_Score: 63.6256217956543
Candidate: Show the feeling of falling in love as if it were a bunch of weather patterns
Ave_Score: 42.27450489997864
Per_curr_iteration_best_candidate: Illustrate the feeling of falling in love as if it were a bunch of weather patterns
Per_curr_iteration_best_score: 63.6256217956543
====================Current Iteration: 5
Base Candidate: Illustrate the feeling of falling in love as if it were a bunch of weather patterns
Base Score: 72.92074859142303
['swap' 'del' 'sub' 'sub' 'swap' 'swap' 'del' 'sub' 'swap' 'swap']
Note: The mutated candidate is an empty string, and it is deleted.
Note: The mutated candidate is an empty string, and it is deleted.
Candidate: Illustrate the feeling of falling in love as if it were a bunch of weather patterns
Ave_Score: 53.564947843551636
Candidate: It's like falling in love with a bunch of weather patterns
Ave_Score: 50.891099870204926
Candidate: It's like a bunch of weather patterns when you're falling in love
Ave_Score: 38.37626427412033
Candidate: Illustrate the feeling of falling in love as if it were a bunch of weather patterns
Ave_Score: 64.97839093208313
Candidate: Illustrate the feeling of falling in love as if it were a bunch of weather patterns
Ave_Score: 59.30916965007782
Candidate: It's like a bunch of weather patterns when you fall in love
Ave_Score: 54.94788587093353
Candidate: Illustrate the feeling of falling in love as if it were a bunch of weather patterns
Ave_Score: 56.06432408094406
Candidate: Illustrate the feeling of falling in love as if it were a bunch of weather patterns
Ave_Score: 53.78678888082504
Per_curr_iteration_best_candidate: Illustrate the feeling of falling in love as if it were a bunch of weather patterns
Per_curr_iteration_best_score: 64.97839093208313
====================Current Iteration: 6
Base Candidate: Illustrate the feeling of falling in love as if it were a bunch of weather patterns
Base Score: 72.92074859142303
['sub' 'sub' 'sub' 'swap' 'swap' 'sub' 'del' 'swap' 'del' 'del']
Note: The mutated candidate is an empty string, and it is deleted.
Note: The mutated candidate is an empty string, and it is deleted.
Note: The mutated candidate is an empty string, and it is deleted.
['sub' 'del' 'del' 'del' 'swap' 'del' 'swap' 'swap' 'del' 'sub']
Note: The mutated candidate is an empty string, and it is deleted.
Note: The mutated candidate is an empty string, and it is deleted.
Note: The mutated candidate is an empty string, and it is deleted.
Note: The mutated candidate is an empty string, and it is deleted.
Note: The mutated candidate is an empty string, and it is deleted.
Candidate: Illustrate the feeling of falling in love as if it were a bunch of weather patterns
Ave_Score: 51.78045332431793
Candidate: Illustrate the feeling of falling in love as if it were a bunch of weather patterns
Ave_Score: 63.002076745033264
Candidate: Illustrate the feeling of falling in love as if it were a bunch of weather patterns
Ave_Score: 57.44219720363617
Candidate: Illustrate the feeling of falling in love as if it were a bunch of weather patterns
Ave_Score: 67.52133965492249
Candidate: Show the feeling of falling in love as if it were a bunch of weather patterns
Ave_Score: 48.069167137145996
Per_curr_iteration_best_candidate: Illustrate the feeling of falling in love as if it were a bunch of weather patterns
Per_curr_iteration_best_score: 67.52133965492249
====================Current Iteration: 7
Base Candidate: Illustrate the feeling of falling in love as if it were a bunch of weather patterns
Base Score: 72.92074859142303
['del' 'sub' 'del' 'del' 'sub' 'swap' 'sub' 'swap' 'del' 'del']
Note: The mutated candidate is an empty string, and it is deleted.
Note: The mutated candidate is an empty string, and it is deleted.
Note: The mutated candidate is an empty string, and it is deleted.
Note: The mutated candidate is an empty string, and it is deleted.
Note: The mutated candidate is an empty string, and it is deleted.
['swap' 'swap' 'sub' 'swap' 'swap' 'swap' 'sub' 'swap' 'del' 'swap']
Note: The mutated candidate is an empty string, and it is deleted.
Candidate: Illustrate the feeling of falling in love as if it were a bunch of weather patterns
Ave_Score: 59.70260500907898
Candidate: Illustrate the feeling of falling in love as if it were a bunch of weather patterns
Ave_Score: 64.14330899715424
Candidate: It's like a bunch of weather patterns when you fall in love
Ave_Score: 42.67728328704834
Candidate: Illustrate the feeling of falling in love as if it were a bunch of weather patterns
Ave_Score: 66.77254736423492
Candidate: Illustrate the feeling of falling in love as if it were a bunch of weather patterns
Ave_Score: 59.04378294944763
Candidate: Illustrate the feeling of falling in love as if it were a bunch of weather patterns
Ave_Score: 74.71142411231995
Candidate: Illustrate the feeling of falling in love as if it were a bunch of weather patterns
Ave_Score: 54.17099446058273
Candidate: Illustrate the feeling of falling in love as if it were a bunch of weather patterns
Ave_Score: 63.558804988861084
Candidate: Illustrate the feeling of falling in love as if it were a bunch of weather patterns
Ave_Score: 73.49016070365906
Per_curr_iteration_best_candidate: Illustrate the feeling of falling in love as if it were a bunch of weather patterns
Per_curr_iteration_best_score: 74.71142411231995
Result_candidate: Illustrate the feeling of falling in love as if it were a bunch of weather patterns
Result_score: 74.71142411231995
====================Current Iteration: 8
Base Candidate: Illustrate the feeling of falling in love as if it were a bunch of weather patterns
Base Score: 74.71142411231995
['del' 'del' 'del' 'swap' 'swap' 'swap' 'swap' 'del' 'swap' 'del']
Note: The mutated candidate is an empty string, and it is deleted.
Note: The mutated candidate is an empty string, and it is deleted.
Note: The mutated candidate is an empty string, and it is deleted.
Note: The mutated candidate is an empty string, and it is deleted.
Note: The mutated candidate is an empty string, and it is deleted.
['del' 'swap' 'del' 'sub' 'del' 'del' 'swap' 'del' 'swap' 'del']
Note: The mutated candidate is an empty string, and it is deleted.
Note: The mutated candidate is an empty string, and it is deleted.
Note: The mutated candidate is an empty string, and it is deleted.
Note: The mutated candidate is an empty string, and it is deleted.
Note: The mutated candidate is an empty string, and it is deleted.
Note: The mutated candidate is an empty string, and it is deleted.
['sub' 'del' 'swap' 'del' 'sub' 'sub' 'swap' 'sub' 'sub' 'del']
Note: The mutated candidate is an empty string, and it is deleted.
Note: The mutated candidate is an empty string, and it is deleted.
Note: The mutated candidate is an empty string, and it is deleted.
['swap' 'sub' 'swap' 'sub' 'sub' 'del' 'sub' 'swap' 'sub' 'swap']
Note: The mutated candidate is an empty string, and it is deleted.
Candidate: Illustrate the feeling of falling in love as if it were a bunch of weather patterns
Ave_Score: 65.0162547826767
Candidate: Illustrate the feelings of falling in love as if it were a bunch of weather patterns
Ave_Score: 63.55541944503784
Candidate: Illustrate the feeling of falling in love as if it were a bunch of weather patterns
Ave_Score: 56.17718547582626
Candidate: As if it were a bunch of weather patterns,Illustrate the feeling of falling in love
Ave_Score: 57.96337425708771
Candidate: Illustrate the feeling of falling in love as if it were a bunch of weather patterns
Ave_Score: 61.540113389492035
Candidate: As if it were a bunch of weather patterns,Illustrate the feeling of falling in love
Ave_Score: 62.76638209819794
Candidate: Illustrate the feeling of falling in love as if it were a bunch of weather patterns
Ave_Score: 70.92894911766052
Candidate: Show the feeling of falling in love as if it were a bunch of weather patterns
Ave_Score: 43.92324984073639
Candidate: Illustrate the feeling of falling in love as if it were a bunch of weather patterns
Ave_Score: 67.04266965389252
Per_curr_iteration_best_candidate: Illustrate the feeling of falling in love as if it were a bunch of weather patterns
Per_curr_iteration_best_score: 70.92894911766052
====================Current Iteration: 9
Base Candidate: Illustrate the feeling of falling in love as if it were a bunch of weather patterns
Base Score: 74.71142411231995
['del' 'swap' 'del' 'swap' 'swap' 'del' 'sub' 'swap' 'del' 'del']
Note: The mutated candidate is an empty string, and it is deleted.
Note: The mutated candidate is an empty string, and it is deleted.
Note: The mutated candidate is an empty string, and it is deleted.
Note: The mutated candidate is an empty string, and it is deleted.
Note: The mutated candidate is an empty string, and it is deleted.
['swap' 'sub' 'sub' 'swap' 'sub' 'swap' 'swap' 'sub' 'sub' 'sub']
Candidate: Illustrate the feeling of falling in love as if it were a bunch of weather patterns
Ave_Score: 66.27514958381653
Candidate: Illustrate the feeling of falling in love as if it were a bunch of weather patterns
Ave_Score: 71.06342911720276
Candidate: As if it were a bunch of weather patterns,Illustrate the feeling of falling in love
Ave_Score: 56.81133270263672
Candidate: Illustrate the feeling of falling in love as if it were a bunch of weather patterns
Ave_Score: 70.28640806674957
Candidate: It's like a bunch of weather patterns when you're falling in love
Ave_Score: 54.79213744401932
Candidate: Illustrate the feeling of falling in love as if it were a bunch of weather patterns
Ave_Score: 67.35435128211975
Candidate: Illustrate the feeling of falling in love as if it were a bunch of weather patterns
Ave_Score: 63.471466302871704
Candidate: It's like falling in love is a bunch of weather patterns
Ave_Score: 34.09987464547157
Candidate: It's like a bunch of weather patterns when you're falling in love
Ave_Score: 58.39779078960419
Candidate: Illustrate the feeling of falling in love as if it were a bunch of weather patterns
Ave_Score: 68.04885864257812
Per_curr_iteration_best_candidate: Illustrate the feeling of falling in love as if it were a bunch of weather patterns
Per_curr_iteration_best_score: 71.06342911720276
====================Current Iteration: 10
Base Candidate: Illustrate the feeling of falling in love as if it were a bunch of weather patterns
Base Score: 74.71142411231995
['del' 'swap' 'sub' 'del' 'swap' 'swap' 'swap' 'swap' 'sub' 'sub']
Note: The mutated candidate is an empty string, and it is deleted.
Note: The mutated candidate is an empty string, and it is deleted.
Candidate: Illustrate the feeling of falling in love as if it were a bunch of weather patterns
Ave_Score: 60.04359722137451
Candidate: Illustrate the feelings of falling in love as if it were a bunch of weather patterns
Ave_Score: 69.97323930263519
Candidate: Illustrate the feeling of falling in love as if it were a bunch of weather patterns
Ave_Score: 57.47671276330948
Candidate: Illustrate the feeling of falling in love as if it were a bunch of weather patterns
Ave_Score: 63.13984990119934
Candidate: Illustrate the feeling of falling in love as if it were a bunch of weather patterns
Ave_Score: 66.15425050258636
Candidate: Illustrate the feeling of falling in love as if it were a bunch of weather patterns
Ave_Score: 58.704543113708496
Candidate: It's like a bunch of weather patterns when you're falling in love
Ave_Score: 37.22329139709473
Candidate: It's like a bunch of weather patterns when you're falling in love
Ave_Score: 41.131848096847534
Per_curr_iteration_best_candidate: Illustrate the feelings of falling in love as if it were a bunch of weather patterns
Per_curr_iteration_best_score: 69.97323930263519
Final_Result Candidate: Illustrate the feeling of falling in love as if it were a bunch of weather patterns
Final_Result Score: 74.71142411231995
